[+] Containers:
 |- [+] Container: /Game/FirstPerson/Maps/level_13
 |   |- [+] ActorDescs:
 |   |   |- Guid:1173B94C4F576F679AF9ACA39A267947 BaseClass: NativeClass:/Script/Engine.StaticMeshActor Name:StaticMeshActor_UAID_C87F54EAD9101BD101_1771156615 Label:SM_Cube7 SpatiallyLoaded:1 Bounds:IsValid=true, Min=(X=0.000 Y=0.000 Z=380.000), Max=(X=3000.000 Y=1825.000 Z=430.000) RuntimeGrid:None EditorOnly:0 RuntimeOnly:0 HLODRelevant:1 ListedInSceneOutliner:1 IsMainWorldOnly:0 FolderPath:Playground FolderGuid:CDC3EA2D424DF73175D386948543BF31
 |   |   |- Guid:1D627A914286C3B7055D708F5AA87ACB BaseClass: NativeClass:/Script/Engine.TextRenderActor Name:TextRenderActor_UAID_C87F54EAD91082F001_1389402483 Label:TextRenderActor6 SpatiallyLoaded:1 Bounds:IsValid=true, Min=(X=2898.900 Y=830.000 Z=50.263), Max=(X=2898.900 Y=1376.635 Z=87.763) RuntimeGrid:None EditorOnly:0 RuntimeOnly:0 HLODRelevant:0 ListedInSceneOutliner:1 IsMainWorldOnly:0
 |   |   |- Guid:5DF6178D4697CFD02F4D528B554ECD6A BaseClass: NativeClass:/Script/Engine.StaticMeshActor Name:StaticMeshActor_3 Label:SM_Cube3 SpatiallyLoaded:1 Bounds:IsValid=true, Min=(X=0.000 Y=1720.000 Z=0.000), Max=(X=3000.000 Y=1820.000 Z=400.000) RuntimeGrid:None EditorOnly:0 RuntimeOnly:0 HLODRelevant:1 ListedInSceneOutliner:1 IsMainWorldOnly:0 FolderPath:Playground FolderGuid:CDC3EA2D424DF73175D386948543BF31
 |   |   |- Guid:69F7DA7D42AF8D021C7EACA20393FDA9 BaseClass: NativeClass:/Script/Engine.TextRenderActor Name:TextRenderActor_UAID_C87F54EAD91082F001_1255969481 Label:TextRenderActor4 SpatiallyLoaded:1 Bounds:IsValid=true, Min=(X=2898.900 Y=830.000 Z=118.263), Max=(X=2898.900 Y=2205.962 Z=155.763) RuntimeGrid:None EditorOnly:0 RuntimeOnly:0 HLODRelevant:0 ListedInSceneOutliner:1 IsMainWorldOnly:0
 |   |   |- Guid:6A7BEE3B4E59DB0E0682BFA66B7394F8 BaseClass:/Game/NextLevel.NextLevel_C NativeClass:/Script/Engine.Actor Name:NextLevel_C_UAID_C87F54EAD910E9D301_1462230983 Label:NextLevel SpatiallyLoaded:1 Bounds:IsValid=true, Min=(X=1798.000 Y=763.004 Z=-4.000), Max=(X=1912.563 Y=923.003 Z=211.996) RuntimeGrid:None EditorOnly:0 RuntimeOnly:0 HLODRelevant:0 ListedInSceneOutliner:1 IsMainWorldOnly:0
 |   |   |- Guid:734317D14784A422C41EC6872A453D29 BaseClass: NativeClass:/Script/Engine.WorldDataLayers Name:WorldDataLayers Label:WorldDataLayers-1 SpatiallyLoaded:0 Bounds:Invalid RuntimeGrid:None EditorOnly:0 RuntimeOnly:0 HLODRelevant:0 ListedInSceneOutliner:1 IsMainWorldOnly:1
 |   |   |- Guid:747867A94C7ED46A0B0BDF970401B4DE BaseClass: NativeClass:/Script/Engine.TextRenderActor Name:TextRenderActor_UAID_C87F54EAD91082F001_1371540482 Label:TextRenderActor5 SpatiallyLoaded:1 Bounds:IsValid=true, Min=(X=2898.900 Y=830.000 Z=84.263), Max=(X=2898.900 Y=1363.654 Z=121.763) RuntimeGrid:None EditorOnly:0 RuntimeOnly:0 HLODRelevant:0 ListedInSceneOutliner:1 IsMainWorldOnly:0
 |   |   |- Guid:78AB1116432DB0640DC0219113BFA00E BaseClass: NativeClass:/Script/Engine.TextRenderActor Name:TextRenderActor_UAID_C87F54EAD91082F001_1564462486 Label:TextRenderActor9 SpatiallyLoaded:1 Bounds:IsValid=true, Min=(X=2898.900 Y=372.000 Z=222.263), Max=(X=2898.900 Y=1597.962 Z=259.763) RuntimeGrid:None EditorOnly:0 RuntimeOnly:0 HLODRelevant:0 ListedInSceneOutliner:1 IsMainWorldOnly:0
 |   |   |- Guid:8080C0F84DCB3A9A917ADF889E05665E BaseClass: NativeClass:/Script/Engine.TextRenderActor Name:TextRenderActor_UAID_C87F54EAD91082F001_1171789479 Label:TextRenderActor2 SpatiallyLoaded:1 Bounds:IsValid=true, Min=(X=2898.900 Y=830.000 Z=181.263), Max=(X=2898.900 Y=1018.942 Z=218.763) RuntimeGrid:None EditorOnly:0 RuntimeOnly:0 HLODRelevant:0 ListedInSceneOutliner:1 IsMainWorldOnly:0
 |   |   |- Guid:848C10734E635CA4FEEA8FBB7766CBAA BaseClass: NativeClass:/Script/Engine.AmbientSound Name:AmbientSound_UAID_C87F54EAD9109AF001_1143593704 Label:ambience SpatiallyLoaded:1 Bounds:IsValid=true, Min=(X=728.000 Y=240.000 Z=50.000), Max=(X=728.000 Y=240.000 Z=50.000) RuntimeGrid:None EditorOnly:0 RuntimeOnly:0 HLODRelevant:0 ListedInSceneOutliner:1 IsMainWorldOnly:0
 |   |   |- Guid:882DF2884A89A64CA060719621A3F427 BaseClass:/Game/Canvas/BP_Canvas.BP_Canvas_C NativeClass:/Script/Engine.Actor Name:BP_Canvas_C_UAID_C87F54EAD9100DD101_1772227151 Label:BP_Canvas SpatiallyLoaded:1 Bounds:IsValid=true, Min=(X=1119.133 Y=831.000 Z=64.000), Max=(X=1120.867 Y=960.350 Z=194.000) RuntimeGrid:None EditorOnly:0 RuntimeOnly:0 HLODRelevant:0 ListedInSceneOutliner:1 IsMainWorldOnly:0
 |   |   |- Guid:AEB8C8AD490424B9D58B83987FDA83AD BaseClass: NativeClass:/Script/Engine.TextRenderActor Name:TextRenderActor_UAID_C87F54EAD91082F001_1752501487 Label:TextRenderActor10 SpatiallyLoaded:1 Bounds:IsValid=true, Min=(X=2898.900 Y=372.000 Z=183.263), Max=(X=2898.900 Y=758.538 Z=220.763) RuntimeGrid:None EditorOnly:0 RuntimeOnly:0 HLODRelevant:0 ListedInSceneOutliner:1 IsMainWorldOnly:0
 |   |   |- Guid:BB85170B45E08B8C58CE5EBE62540D10 BaseClass: NativeClass:/Script/Engine.StaticMeshActor Name:StaticMeshActor_0 Label:SM_Cube SpatiallyLoaded:1 Bounds:IsValid=true, Min=(X=0.000 Y=0.000 Z=-50.000), Max=(X=3000.000 Y=1825.000 Z=0.000) RuntimeGrid:None EditorOnly:0 RuntimeOnly:0 HLODRelevant:1 ListedInSceneOutliner:1 IsMainWorldOnly:0 FolderPath:Playground FolderGuid:CDC3EA2D424DF73175D386948543BF31
 |   |   |- Guid:D5CDEE86456B7C439CAA689413ED57D6 BaseClass: NativeClass:/Script/Engine.TextRenderActor Name:TextRenderActor_UAID_C87F54EAD91082F001_1513258485 Label:TextRenderActor8 SpatiallyLoaded:1 Bounds:IsValid=true, Min=(X=2898.900 Y=1234.130 Z=1.407), Max=(X=2898.900 Y=1470.384 Z=63.617) RuntimeGrid:None EditorOnly:0 RuntimeOnly:0 HLODRelevant:0 ListedInSceneOutliner:1 IsMainWorldOnly:0
 |   |   |- Guid:DC6247854CEE83FDF2EAC58EEF2FF8E6 BaseClass: NativeClass:/Script/Engine.StaticMeshActor Name:StaticMeshActor_4 Label:SM_Cube4 SpatiallyLoaded:1 Bounds:IsValid=true, Min=(X=1745.000 Y=600.000 Z=0.000), Max=(X=1820.000 Y=1100.000 Z=400.000) RuntimeGrid:None EditorOnly:0 RuntimeOnly:0 HLODRelevant:1 ListedInSceneOutliner:1 IsMainWorldOnly:0 FolderPath:Block01 FolderGuid:3EF5C57D40A467440F5F0D9398D8AC70
 |   |   |- Guid:E66D96974D10B3F07F6398826FE39B4C BaseClass: NativeClass:/Script/Engine.TextRenderActor Name:TextRenderActor_UAID_C87F54EAD91082F001_1436667484 Label:TextRenderActor7 SpatiallyLoaded:1 Bounds:IsValid=true, Min=(X=2898.900 Y=1191.130 Z=17.407), Max=(X=2898.900 Y=1593.814 Z=108.963) RuntimeGrid:None EditorOnly:0 RuntimeOnly:0 HLODRelevant:0 ListedInSceneOutliner:1 IsMainWorldOnly:0
 |   |   |- Guid:F209D5E2434AA5393030F69B96D2A91F BaseClass: NativeClass:/Script/Engine.StaticMeshActor Name:StaticMeshActor_2 Label:SM_Cube2 SpatiallyLoaded:1 Bounds:IsValid=true, Min=(X=0.000 Y=0.000 Z=0.000), Max=(X=3000.000 Y=100.000 Z=400.000) RuntimeGrid:None EditorOnly:0 RuntimeOnly:0 HLODRelevant:1 ListedInSceneOutliner:1 IsMainWorldOnly:0 FolderPath:Playground FolderGuid:CDC3EA2D424DF73175D386948543BF31
 |   |   |- Guid:F3B9B02A45C49E28FBB6CFA8CBDBF0FE BaseClass: NativeClass:/Script/Engine.TextRenderActor Name:TextRenderActor_0 Label:TextRenderActor SpatiallyLoaded:1 Bounds:IsValid=true, Min=(X=1099.900 Y=830.000 Z=181.263), Max=(X=1099.900 Y=962.692 Z=218.763) RuntimeGrid:None EditorOnly:0 RuntimeOnly:0 HLODRelevant:0 ListedInSceneOutliner:1 IsMainWorldOnly:0
 |   |   |- Guid:F3DA503E4AC4AB8C36BE17B2624D4039 BaseClass: NativeClass:/Script/Engine.PlayerStart Name:PlayerStart_0 Label:PlayerStart SpatiallyLoaded:0 Bounds:IsValid=true, Min=(X=870.000 Y=850.000 Z=0.013), Max=(X=950.000 Y=930.000 Z=184.013) RuntimeGrid:None EditorOnly:0 RuntimeOnly:0 HLODRelevant:0 ListedInSceneOutliner:1 IsMainWorldOnly:0
 |   |   |- Guid:F7DA57CE4891936160D8DCA5EBB784FD BaseClass: NativeClass:/Script/Engine.StaticMeshActor Name:StaticMeshActor_7 Label:SM_Cube5 SpatiallyLoaded:1 Bounds:IsValid=true, Min=(X=-0.000 Y=100.000 Z=0.000), Max=(X=100.000 Y=1825.000 Z=400.000) RuntimeGrid:None EditorOnly:0 RuntimeOnly:0 HLODRelevant:1 ListedInSceneOutliner:1 IsMainWorldOnly:0 FolderPath:Playground FolderGuid:CDC3EA2D424DF73175D386948543BF31
 |   |   |- Guid:FCEB2707497DF343E51000A09819A93B BaseClass: NativeClass:/Script/Engine.TextRenderActor Name:TextRenderActor_UAID_C87F54EAD91082F001_1224669480 Label:TextRenderActor3 SpatiallyLoaded:1 Bounds:IsValid=true, Min=(X=2898.900 Y=830.000 Z=148.263), Max=(X=2898.900 Y=1672.308 Z=185.763) RuntimeGrid:None EditorOnly:0 RuntimeOnly:0 HLODRelevant:0 ListedInSceneOutliner:1 IsMainWorldOnly:0
 |   |   |- Guid:FE80AFF5496674AAD5510497D338E671 BaseClass: NativeClass:/Script/Engine.StaticMeshActor Name:StaticMeshActor_8 Label:SM_Cube6 SpatiallyLoaded:1 Bounds:IsValid=true, Min=(X=2900.000 Y=100.000 Z=0.000), Max=(X=3000.000 Y=1825.000 Z=400.000) RuntimeGrid:None EditorOnly:0 RuntimeOnly:0 HLODRelevant:1 ListedInSceneOutliner:1 IsMainWorldOnly:0 FolderPath:Playground FolderGuid:CDC3EA2D424DF73175D386948543BF31
 |   |- [+] Clusters:
 |   |   |- [+] [  0]
 |   |   |   |- Guid:1173B94C4F576F679AF9ACA39A267947 BaseClass: NativeClass:/Script/Engine.StaticMeshActor Name:StaticMeshActor_UAID_C87F54EAD9101BD101_1771156615 Label:SM_Cube7 SpatiallyLoaded:1 Bounds:IsValid=true, Min=(X=0.000 Y=0.000 Z=380.000), Max=(X=3000.000 Y=1825.000 Z=430.000) RuntimeGrid:None EditorOnly:0 RuntimeOnly:0 HLODRelevant:1 ListedInSceneOutliner:1 IsMainWorldOnly:0 FolderPath:Playground FolderGuid:CDC3EA2D424DF73175D386948543BF31
 |   |   |- [+] [  1]
 |   |   |   |- Guid:1D627A914286C3B7055D708F5AA87ACB BaseClass: NativeClass:/Script/Engine.TextRenderActor Name:TextRenderActor_UAID_C87F54EAD91082F001_1389402483 Label:TextRenderActor6 SpatiallyLoaded:1 Bounds:IsValid=true, Min=(X=2898.900 Y=830.000 Z=50.263), Max=(X=2898.900 Y=1376.635 Z=87.763) RuntimeGrid:None EditorOnly:0 RuntimeOnly:0 HLODRelevant:0 ListedInSceneOutliner:1 IsMainWorldOnly:0
 |   |   |- [+] [  2]
 |   |   |   |- Guid:5DF6178D4697CFD02F4D528B554ECD6A BaseClass: NativeClass:/Script/Engine.StaticMeshActor Name:StaticMeshActor_3 Label:SM_Cube3 SpatiallyLoaded:1 Bounds:IsValid=true, Min=(X=0.000 Y=1720.000 Z=0.000), Max=(X=3000.000 Y=1820.000 Z=400.000) RuntimeGrid:None EditorOnly:0 RuntimeOnly:0 HLODRelevant:1 ListedInSceneOutliner:1 IsMainWorldOnly:0 FolderPath:Playground FolderGuid:CDC3EA2D424DF73175D386948543BF31
 |   |   |- [+] [  3]
 |   |   |   |- Guid:69F7DA7D42AF8D021C7EACA20393FDA9 BaseClass: NativeClass:/Script/Engine.TextRenderActor Name:TextRenderActor_UAID_C87F54EAD91082F001_1255969481 Label:TextRenderActor4 SpatiallyLoaded:1 Bounds:IsValid=true, Min=(X=2898.900 Y=830.000 Z=118.263), Max=(X=2898.900 Y=2205.962 Z=155.763) RuntimeGrid:None EditorOnly:0 RuntimeOnly:0 HLODRelevant:0 ListedInSceneOutliner:1 IsMainWorldOnly:0
 |   |   |- [+] [  4]
 |   |   |   |- Guid:6A7BEE3B4E59DB0E0682BFA66B7394F8 BaseClass:/Game/NextLevel.NextLevel_C NativeClass:/Script/Engine.Actor Name:NextLevel_C_UAID_C87F54EAD910E9D301_1462230983 Label:NextLevel SpatiallyLoaded:1 Bounds:IsValid=true, Min=(X=1798.000 Y=763.004 Z=-4.000), Max=(X=1912.563 Y=923.003 Z=211.996) RuntimeGrid:None EditorOnly:0 RuntimeOnly:0 HLODRelevant:0 ListedInSceneOutliner:1 IsMainWorldOnly:0
 |   |   |- [+] [  5]
 |   |   |   |- Guid:734317D14784A422C41EC6872A453D29 BaseClass: NativeClass:/Script/Engine.WorldDataLayers Name:WorldDataLayers Label:WorldDataLayers-1 SpatiallyLoaded:0 Bounds:Invalid RuntimeGrid:None EditorOnly:0 RuntimeOnly:0 HLODRelevant:0 ListedInSceneOutliner:1 IsMainWorldOnly:1
 |   |   |- [+] [  6]
 |   |   |   |- Guid:747867A94C7ED46A0B0BDF970401B4DE BaseClass: NativeClass:/Script/Engine.TextRenderActor Name:TextRenderActor_UAID_C87F54EAD91082F001_1371540482 Label:TextRenderActor5 SpatiallyLoaded:1 Bounds:IsValid=true, Min=(X=2898.900 Y=830.000 Z=84.263), Max=(X=2898.900 Y=1363.654 Z=121.763) RuntimeGrid:None EditorOnly:0 RuntimeOnly:0 HLODRelevant:0 ListedInSceneOutliner:1 IsMainWorldOnly:0
 |   |   |- [+] [  7]
 |   |   |   |- Guid:78AB1116432DB0640DC0219113BFA00E BaseClass: NativeClass:/Script/Engine.TextRenderActor Name:TextRenderActor_UAID_C87F54EAD91082F001_1564462486 Label:TextRenderActor9 SpatiallyLoaded:1 Bounds:IsValid=true, Min=(X=2898.900 Y=372.000 Z=222.263), Max=(X=2898.900 Y=1597.962 Z=259.763) RuntimeGrid:None EditorOnly:0 RuntimeOnly:0 HLODRelevant:0 ListedInSceneOutliner:1 IsMainWorldOnly:0
 |   |   |- [+] [  8]
 |   |   |   |- Guid:8080C0F84DCB3A9A917ADF889E05665E BaseClass: NativeClass:/Script/Engine.TextRenderActor Name:TextRenderActor_UAID_C87F54EAD91082F001_1171789479 Label:TextRenderActor2 SpatiallyLoaded:1 Bounds:IsValid=true, Min=(X=2898.900 Y=830.000 Z=181.263), Max=(X=2898.900 Y=1018.942 Z=218.763) RuntimeGrid:None EditorOnly:0 RuntimeOnly:0 HLODRelevant:0 ListedInSceneOutliner:1 IsMainWorldOnly:0
 |   |   |- [+] [  9]
 |   |   |   |- Guid:848C10734E635CA4FEEA8FBB7766CBAA BaseClass: NativeClass:/Script/Engine.AmbientSound Name:AmbientSound_UAID_C87F54EAD9109AF001_1143593704 Label:ambience SpatiallyLoaded:1 Bounds:IsValid=true, Min=(X=728.000 Y=240.000 Z=50.000), Max=(X=728.000 Y=240.000 Z=50.000) RuntimeGrid:None EditorOnly:0 RuntimeOnly:0 HLODRelevant:0 ListedInSceneOutliner:1 IsMainWorldOnly:0
 |   |   |- [+] [ 10]
 |   |   |   |- Guid:882DF2884A89A64CA060719621A3F427 BaseClass:/Game/Canvas/BP_Canvas.BP_Canvas_C NativeClass:/Script/Engine.Actor Name:BP_Canvas_C_UAID_C87F54EAD9100DD101_1772227151 Label:BP_Canvas SpatiallyLoaded:1 Bounds:IsValid=true, Min=(X=1119.133 Y=831.000 Z=64.000), Max=(X=1120.867 Y=960.350 Z=194.000) RuntimeGrid:None EditorOnly:0 RuntimeOnly:0 HLODRelevant:0 ListedInSceneOutliner:1 IsMainWorldOnly:0
 |   |   |- [+] [ 11]
 |   |   |   |- Guid:AEB8C8AD490424B9D58B83987FDA83AD BaseClass: NativeClass:/Script/Engine.TextRenderActor Name:TextRenderActor_UAID_C87F54EAD91082F001_1752501487 Label:TextRenderActor10 SpatiallyLoaded:1 Bounds:IsValid=true, Min=(X=2898.900 Y=372.000 Z=183.263), Max=(X=2898.900 Y=758.538 Z=220.763) RuntimeGrid:None EditorOnly:0 RuntimeOnly:0 HLODRelevant:0 ListedInSceneOutliner:1 IsMainWorldOnly:0
 |   |   |- [+] [ 12]
 |   |   |   |- Guid:BB85170B45E08B8C58CE5EBE62540D10 BaseClass: NativeClass:/Script/Engine.StaticMeshActor Name:StaticMeshActor_0 Label:SM_Cube SpatiallyLoaded:1 Bounds:IsValid=true, Min=(X=0.000 Y=0.000 Z=-50.000), Max=(X=3000.000 Y=1825.000 Z=0.000) RuntimeGrid:None EditorOnly:0 RuntimeOnly:0 HLODRelevant:1 ListedInSceneOutliner:1 IsMainWorldOnly:0 FolderPath:Playground FolderGuid:CDC3EA2D424DF73175D386948543BF31
 |   |   |- [+] [ 13]
 |   |   |   |- Guid:D5CDEE86456B7C439CAA689413ED57D6 BaseClass: NativeClass:/Script/Engine.TextRenderActor Name:TextRenderActor_UAID_C87F54EAD91082F001_1513258485 Label:TextRenderActor8 SpatiallyLoaded:1 Bounds:IsValid=true, Min=(X=2898.900 Y=1234.130 Z=1.407), Max=(X=2898.900 Y=1470.384 Z=63.617) RuntimeGrid:None EditorOnly:0 RuntimeOnly:0 HLODRelevant:0 ListedInSceneOutliner:1 IsMainWorldOnly:0
 |   |   |- [+] [ 14]
 |   |   |   |- Guid:DC6247854CEE83FDF2EAC58EEF2FF8E6 BaseClass: NativeClass:/Script/Engine.StaticMeshActor Name:StaticMeshActor_4 Label:SM_Cube4 SpatiallyLoaded:1 Bounds:IsValid=true, Min=(X=1745.000 Y=600.000 Z=0.000), Max=(X=1820.000 Y=1100.000 Z=400.000) RuntimeGrid:None EditorOnly:0 RuntimeOnly:0 HLODRelevant:1 ListedInSceneOutliner:1 IsMainWorldOnly:0 FolderPath:Block01 FolderGuid:3EF5C57D40A467440F5F0D9398D8AC70
 |   |   |- [+] [ 15]
 |   |   |   |- Guid:E66D96974D10B3F07F6398826FE39B4C BaseClass: NativeClass:/Script/Engine.TextRenderActor Name:TextRenderActor_UAID_C87F54EAD91082F001_1436667484 Label:TextRenderActor7 SpatiallyLoaded:1 Bounds:IsValid=true, Min=(X=2898.900 Y=1191.130 Z=17.407), Max=(X=2898.900 Y=1593.814 Z=108.963) RuntimeGrid:None EditorOnly:0 RuntimeOnly:0 HLODRelevant:0 ListedInSceneOutliner:1 IsMainWorldOnly:0
 |   |   |- [+] [ 16]
 |   |   |   |- Guid:F209D5E2434AA5393030F69B96D2A91F BaseClass: NativeClass:/Script/Engine.StaticMeshActor Name:StaticMeshActor_2 Label:SM_Cube2 SpatiallyLoaded:1 Bounds:IsValid=true, Min=(X=0.000 Y=0.000 Z=0.000), Max=(X=3000.000 Y=100.000 Z=400.000) RuntimeGrid:None EditorOnly:0 RuntimeOnly:0 HLODRelevant:1 ListedInSceneOutliner:1 IsMainWorldOnly:0 FolderPath:Playground FolderGuid:CDC3EA2D424DF73175D386948543BF31
 |   |   |- [+] [ 17]
 |   |   |   |- Guid:F3B9B02A45C49E28FBB6CFA8CBDBF0FE BaseClass: NativeClass:/Script/Engine.TextRenderActor Name:TextRenderActor_0 Label:TextRenderActor SpatiallyLoaded:1 Bounds:IsValid=true, Min=(X=1099.900 Y=830.000 Z=181.263), Max=(X=1099.900 Y=962.692 Z=218.763) RuntimeGrid:None EditorOnly:0 RuntimeOnly:0 HLODRelevant:0 ListedInSceneOutliner:1 IsMainWorldOnly:0
 |   |   |- [+] [ 18]
 |   |   |   |- Guid:F3DA503E4AC4AB8C36BE17B2624D4039 BaseClass: NativeClass:/Script/Engine.PlayerStart Name:PlayerStart_0 Label:PlayerStart SpatiallyLoaded:0 Bounds:IsValid=true, Min=(X=870.000 Y=850.000 Z=0.013), Max=(X=950.000 Y=930.000 Z=184.013) RuntimeGrid:None EditorOnly:0 RuntimeOnly:0 HLODRelevant:0 ListedInSceneOutliner:1 IsMainWorldOnly:0
 |   |   |- [+] [ 19]
 |   |   |   |- Guid:F7DA57CE4891936160D8DCA5EBB784FD BaseClass: NativeClass:/Script/Engine.StaticMeshActor Name:StaticMeshActor_7 Label:SM_Cube5 SpatiallyLoaded:1 Bounds:IsValid=true, Min=(X=-0.000 Y=100.000 Z=0.000), Max=(X=100.000 Y=1825.000 Z=400.000) RuntimeGrid:None EditorOnly:0 RuntimeOnly:0 HLODRelevant:1 ListedInSceneOutliner:1 IsMainWorldOnly:0 FolderPath:Playground FolderGuid:CDC3EA2D424DF73175D386948543BF31
 |   |   |- [+] [ 20]
 |   |   |   |- Guid:FCEB2707497DF343E51000A09819A93B BaseClass: NativeClass:/Script/Engine.TextRenderActor Name:TextRenderActor_UAID_C87F54EAD91082F001_1224669480 Label:TextRenderActor3 SpatiallyLoaded:1 Bounds:IsValid=true, Min=(X=2898.900 Y=830.000 Z=148.263), Max=(X=2898.900 Y=1672.308 Z=185.763) RuntimeGrid:None EditorOnly:0 RuntimeOnly:0 HLODRelevant:0 ListedInSceneOutliner:1 IsMainWorldOnly:0
 |   |   |- [+] [ 21]
 |   |   |   |- Guid:FE80AFF5496674AAD5510497D338E671 BaseClass: NativeClass:/Script/Engine.StaticMeshActor Name:StaticMeshActor_8 Label:SM_Cube6 SpatiallyLoaded:1 Bounds:IsValid=true, Min=(X=2900.000 Y=100.000 Z=0.000), Max=(X=3000.000 Y=1825.000 Z=400.000) RuntimeGrid:None EditorOnly:0 RuntimeOnly:0 HLODRelevant:1 ListedInSceneOutliner:1 IsMainWorldOnly:0 FolderPath:Playground FolderGuid:CDC3EA2D424DF73175D386948543BF31
 |- ContainerInstances:
 |- [+] MainContainer:
 |   |-        ID: 00000000000000000000000000000000
 |   |-  ParentID: 00000000000000000000000000000000
 |   |-    Bounds: IsValid=false, Min=(X=0.000 Y=0.000 Z=0.000), Max=(X=0.000 Y=0.000 Z=0.000)
 |   |- Transform: 0.000000,0.000000,0.000000|0.000000,0.000000,-0.000000|1.000000,1.000000,1.000000
 |   |- Container: /Game/FirstPerson/Maps/level_13
----------------------------------------------------------------------------------------------------------------
level_13 - Persistent Level
----------------------------------------------------------------------------------------------------------------
[+] Content of level_13 Persistent Level
 |- Always loaded Actor Count: 29 
 |- Actor Path: /Game/FirstPerson/Maps/UEDPIE_0_level_13.level_13:PersistentLevel.AmbientSound_UAID_C87F54EAD9109AF001_1143593704
 |- Actor Package: /Game/FirstPerson/Maps/UEDPIE_0_level_13_InstanceOf_/Game/__ExternalActors__/FirstPerson/Maps/level_13/9/TY/3AC37QJDCUYUAFYBTEURYK
 |- Actor Path: /Game/FirstPerson/Maps/UEDPIE_0_level_13.level_13:PersistentLevel.BP_Canvas_C_UAID_C87F54EAD9100DD101_1772227151
 |- Actor Package: /Game/FirstPerson/Maps/UEDPIE_0_level_13_InstanceOf_/Game/__ExternalActors__/FirstPerson/Maps/level_13/0/LU/RUR1F7UMNYBXAFXUF85N40
 |- Actor Path: /Game/FirstPerson/Maps/UEDPIE_0_level_13.level_13:PersistentLevel.Brush_0
 |- Actor Package: /Game/FirstPerson/Maps/UEDPIE_0_level_13
 |- Actor Path: /Game/FirstPerson/Maps/UEDPIE_0_level_13.level_13:PersistentLevel.ChaosDebugDrawActor
 |- Actor Package: /Game/FirstPerson/Maps/UEDPIE_0_level_13
 |- Actor Path: /Game/FirstPerson/Maps/UEDPIE_0_level_13.level_13:PersistentLevel.DefaultPhysicsVolume_0
 |- Actor Package: /Game/FirstPerson/Maps/UEDPIE_0_level_13
 |- Actor Path: /Game/FirstPerson/Maps/UEDPIE_0_level_13.level_13:PersistentLevel.GameplayDebuggerPlayerManager_0
 |- Actor Package: /Game/FirstPerson/Maps/UEDPIE_0_level_13
 |- Actor Path: /Game/FirstPerson/Maps/UEDPIE_0_level_13.level_13:PersistentLevel.level_13_C_1
 |- Actor Package: /Game/FirstPerson/Maps/UEDPIE_0_level_13
 |- Actor Path: /Game/FirstPerson/Maps/UEDPIE_0_level_13.level_13:PersistentLevel.NextLevel_C_UAID_C87F54EAD910E9D301_1462230983
 |- Actor Package: /Game/FirstPerson/Maps/UEDPIE_0_level_13_InstanceOf_/Game/__ExternalActors__/FirstPerson/Maps/level_13/E/KJ/JTEHQHUMC6MHGUZQ66AROG
 |- Actor Path: /Game/FirstPerson/Maps/UEDPIE_0_level_13.level_13:PersistentLevel.PlayerStart_0
 |- Actor Package: /Game/FirstPerson/Maps/UEDPIE_0_level_13_InstanceOf_/Game/__ExternalActors__/FirstPerson/Maps/level_13/2/TA/IL21F3FTCZ858GMC52R5GF
 |- Actor Path: /Game/FirstPerson/Maps/UEDPIE_0_level_13.level_13:PersistentLevel.StaticMeshActor_0
 |- Actor Package: /Game/FirstPerson/Maps/UEDPIE_0_level_13_InstanceOf_/Game/__ExternalActors__/FirstPerson/Maps/level_13/A/01/SMFWXC9372RM5VFYCAH0BT
 |- Actor Path: /Game/FirstPerson/Maps/UEDPIE_0_level_13.level_13:PersistentLevel.StaticMeshActor_2
 |- Actor Package: /Game/FirstPerson/Maps/UEDPIE_0_level_13_InstanceOf_/Game/__ExternalActors__/FirstPerson/Maps/level_13/6/HN/J6UMODZUZVHILIH1SMBAOW
 |- Actor Path: /Game/FirstPerson/Maps/UEDPIE_0_level_13.level_13:PersistentLevel.StaticMeshActor_3
 |- Actor Package: /Game/FirstPerson/Maps/UEDPIE_0_level_13_InstanceOf_/Game/__ExternalActors__/FirstPerson/Maps/level_13/8/I2/DDXW9ER4JSX7GCL2HWDD7K
 |- Actor Path: /Game/FirstPerson/Maps/UEDPIE_0_level_13.level_13:PersistentLevel.StaticMeshActor_4
 |- Actor Package: /Game/FirstPerson/Maps/UEDPIE_0_level_13_InstanceOf_/Game/__ExternalActors__/FirstPerson/Maps/level_13/D/AK/JKECHRQ8OWTWJ9PAGW0RW6
 |- Actor Path: /Game/FirstPerson/Maps/UEDPIE_0_level_13.level_13:PersistentLevel.StaticMeshActor_7
 |- Actor Package: /Game/FirstPerson/Maps/UEDPIE_0_level_13_InstanceOf_/Game/__ExternalActors__/FirstPerson/Maps/level_13/A/TX/V5R45IEMUKX5NMUAHKC4BM
 |- Actor Path: /Game/FirstPerson/Maps/UEDPIE_0_level_13.level_13:PersistentLevel.StaticMeshActor_8
 |- Actor Package: /Game/FirstPerson/Maps/UEDPIE_0_level_13_InstanceOf_/Game/__ExternalActors__/FirstPerson/Maps/level_13/B/95/Q2SME7TWEBZTPO7ZUWE03B
 |- Actor Path: /Game/FirstPerson/Maps/UEDPIE_0_level_13.level_13:PersistentLevel.StaticMeshActor_UAID_C87F54EAD9101BD101_1771156615
 |- Actor Package: /Game/FirstPerson/Maps/UEDPIE_0_level_13_InstanceOf_/Game/__ExternalActors__/FirstPerson/Maps/level_13/C/WU/RGMLUL5IZVOJISI7OAD1GX
 |- Actor Path: /Game/FirstPerson/Maps/UEDPIE_0_level_13.level_13:PersistentLevel.TextRenderActor_0
 |- Actor Package: /Game/FirstPerson/Maps/UEDPIE_0_level_13_InstanceOf_/Game/__ExternalActors__/FirstPerson/Maps/level_13/5/FF/JHU6QZATXNWQTJNJVAL3WV
 |- Actor Path: /Game/FirstPerson/Maps/UEDPIE_0_level_13.level_13:PersistentLevel.TextRenderActor_UAID_C87F54EAD91082F001_1171789479
 |- Actor Package: /Game/FirstPerson/Maps/UEDPIE_0_level_13_InstanceOf_/Game/__ExternalActors__/FirstPerson/Maps/level_13/F/0V/WKQVADJJVLUHZ4HNR6B8H6
 |- Actor Path: /Game/FirstPerson/Maps/UEDPIE_0_level_13.level_13:PersistentLevel.TextRenderActor_UAID_C87F54EAD91082F001_1224669480
 |- Actor Package: /Game/FirstPerson/Maps/UEDPIE_0_level_13_InstanceOf_/Game/__ExternalActors__/FirstPerson/Maps/level_13/3/O8/C76PP21VYNS20A0UE9X8SZ
 |- Actor Path: /Game/FirstPerson/Maps/UEDPIE_0_level_13.level_13:PersistentLevel.TextRenderActor_UAID_C87F54EAD91082F001_1255969481
 |- Actor Package: /Game/FirstPerson/Maps/UEDPIE_0_level_13_InstanceOf_/Game/__ExternalActors__/FirstPerson/Maps/level_13/1/ER/W9XL9HCWUG5ETKGWYE09ZY
 |- Actor Path: /Game/FirstPerson/Maps/UEDPIE_0_level_13.level_13:PersistentLevel.TextRenderActor_UAID_C87F54EAD91082F001_1371540482
 |- Actor Package: /Game/FirstPerson/Maps/UEDPIE_0_level_13_InstanceOf_/Game/__ExternalActors__/FirstPerson/Maps/level_13/2/OV/BROET31GVI22PCEQVTPJSF
 |- Actor Path: /Game/FirstPerson/Maps/UEDPIE_0_level_13.level_13:PersistentLevel.TextRenderActor_UAID_C87F54EAD91082F001_1389402483
 |- Actor Package: /Game/FirstPerson/Maps/UEDPIE_0_level_13_InstanceOf_/Game/__ExternalActors__/FirstPerson/Maps/level_13/D/R5/O3EFXX78FYFCUQZ48AEPW7
 |- Actor Path: /Game/FirstPerson/Maps/UEDPIE_0_level_13.level_13:PersistentLevel.TextRenderActor_UAID_C87F54EAD91082F001_1436667484
 |- Actor Package: /Game/FirstPerson/Maps/UEDPIE_0_level_13_InstanceOf_/Game/__ExternalActors__/FirstPerson/Maps/level_13/B/HI/QA3L996H971UFB8TUV5Y1I
 |- Actor Path: /Game/FirstPerson/Maps/UEDPIE_0_level_13.level_13:PersistentLevel.TextRenderActor_UAID_C87F54EAD91082F001_1513258485
 |- Actor Package: /Game/FirstPerson/Maps/UEDPIE_0_level_13_InstanceOf_/Game/__ExternalActors__/FirstPerson/Maps/level_13/9/3X/HX25MB4ZNRBJC23BERI86Z
 |- Actor Path: /Game/FirstPerson/Maps/UEDPIE_0_level_13.level_13:PersistentLevel.TextRenderActor_UAID_C87F54EAD91082F001_1564462486
 |- Actor Package: /Game/FirstPerson/Maps/UEDPIE_0_level_13_InstanceOf_/Game/__ExternalActors__/FirstPerson/Maps/level_13/C/18/XVJDSAS1E890N8GK6ID0ZH
 |- Actor Path: /Game/FirstPerson/Maps/UEDPIE_0_level_13.level_13:PersistentLevel.TextRenderActor_UAID_C87F54EAD91082F001_1752501487
 |- Actor Package: /Game/FirstPerson/Maps/UEDPIE_0_level_13_InstanceOf_/Game/__ExternalActors__/FirstPerson/Maps/level_13/3/2T/H9FWXORV6YOLRCOXJ6WYFW
 |- Actor Path: /Game/FirstPerson/Maps/UEDPIE_0_level_13.level_13:PersistentLevel.WorldDataLayers
 |- Actor Package: /Game/__ExternalActors__/FirstPerson/Maps/level_13/A/2H/SJ265XDVTY8W9XM4T1SXUD
 |- Actor Path: /Game/FirstPerson/Maps/UEDPIE_0_level_13.level_13:PersistentLevel.WorldInfo_0
 |- Actor Package: /Game/FirstPerson/Maps/UEDPIE_0_level_13
 |- Actor Path: /Game/FirstPerson/Maps/UEDPIE_0_level_13.level_13:PersistentLevel.WorldPartitionReplay
 |- Actor Package: /Game/FirstPerson/Maps/UEDPIE_0_level_13

----------------------------------------------------------------------------------------------------------------
level_13 - Runtime Spatial Hash - Streaming Grid - MainGrid
----------------------------------------------------------------------------------------------------------------
            Origin: X=0.000 Y=0.000 Z=0.000
         Cell Size: 12800
      World Bounds: IsValid=false, Min=(X=0.000 Y=0.000 Z=0.000), Max=(X=0.000 Y=0.000 Z=0.000)
     Loading Range: 25600.00
Block Slow Loading: No
 ClientOnlyVisible: No
            Origin: X=0.000 Y=0.000 Z=0.000

[+] Grid Levels: 1
 |- Level  0: Cell Count    0 | Cell Size   12800 | Actor Count    0 (0.0%)

[+] Content of Grid Level 0

