[+] Containers:
 |- [+] Container: /Game/FirstPerson/Maps/level_13
 |   |- [+] ActorDescs:
 |   |   |- Guid:038784084697302EB1057BA8BAD62EE7 BaseClass: NativeClass:/Script/Engine.StaticMeshActor Name:StaticMeshActor_UAID_C87F54EAD9109EF001_1074114418 Label:Cube5 SpatiallyLoaded:1 Bounds:IsValid=true, Min=(X=332.000 Y=42.500 Z=-178.500), Max=(X=432.000 Y=1667.500 Z=496.500) RuntimeGrid:None EditorOnly:0 RuntimeOnly:0 HLODRelevant:1 ListedInSceneOutliner:1 IsMainWorldOnly:0
 |   |   |- Guid:042D7B3F4AE8C98EC5831C9261767197 BaseClass: NativeClass:/Script/Engine.StaticMeshActor Name:StaticMeshActor_UAID_C87F54EAD9109EF001_1074115420 Label:Cube7 SpatiallyLoaded:1 Bounds:IsValid=true, Min=(X=1722.000 Y=642.500 Z=-178.500), Max=(X=1822.000 Y=1067.500 Z=496.500) RuntimeGrid:None EditorOnly:0 RuntimeOnly:0 HLODRelevant:1 ListedInSceneOutliner:1 IsMainWorldOnly:0
 |   |   |- Guid:059FBB024E96FCEB32D38A8E7F2689D2 BaseClass: NativeClass:/Script/Engine.StaticMeshActor Name:StaticMeshActor_UAID_C87F54EAD9109EF001_1074112416 Label:Cube3 SpatiallyLoaded:1 Bounds:IsValid=true, Min=(X=125.500 Y=82.000 Z=-178.500), Max=(X=3000.500 Y=182.000 Z=496.500) RuntimeGrid:None EditorOnly:0 RuntimeOnly:0 HLODRelevant:1 ListedInSceneOutliner:1 IsMainWorldOnly:0
 |   |   |- Guid:1D627A914286C3B7055D708F5AA87ACB BaseClass: NativeClass:/Script/Engine.TextRenderActor Name:TextRenderActor_UAID_C87F54EAD91082F001_1389402483 Label:TextRenderActor6 SpatiallyLoaded:1 Bounds:IsValid=true, Min=(X=2898.900 Y=830.000 Z=50.263), Max=(X=2898.900 Y=1376.635 Z=87.763) RuntimeGrid:None EditorOnly:0 RuntimeOnly:0 HLODRelevant:0 ListedInSceneOutliner:1 IsMainWorldOnly:0
 |   |   |- Guid:29DA3FC94B625C873FCA7299AA584ACF BaseClass: NativeClass:/Script/Engine.StaticMeshActor Name:StaticMeshActor_UAID_C87F54EAD9109EF001_1074112415 Label:Cube2 SpatiallyLoaded:1 Bounds:IsValid=true, Min=(X=361.500 Y=82.500 Z=384.000), Max=(X=2936.500 Y=1657.500 Z=484.000) RuntimeGrid:None EditorOnly:0 RuntimeOnly:0 HLODRelevant:1 ListedInSceneOutliner:1 IsMainWorldOnly:0
 |   |   |- Guid:36B1278B44D9C3CC4E545DB6D95E8941 BaseClass: NativeClass:/Script/Engine.StaticMeshActor Name:StaticMeshActor_UAID_C87F54EAD9109EF001_1074114419 Label:Cube6 SpatiallyLoaded:1 Bounds:IsValid=true, Min=(X=2904.000 Y=42.500 Z=-178.500), Max=(X=3004.000 Y=1667.500 Z=496.500) RuntimeGrid:None EditorOnly:0 RuntimeOnly:0 HLODRelevant:1 ListedInSceneOutliner:1 IsMainWorldOnly:0
 |   |   |- Guid:464A0F404D847CC3E90D71A0BF656577 BaseClass: NativeClass:/Script/Engine.StaticMeshActor Name:StaticMeshActor_UAID_C87F54EAD9109EF001_1074113417 Label:Cube4 SpatiallyLoaded:1 Bounds:IsValid=true, Min=(X=240.500 Y=1536.000 Z=-178.500), Max=(X=2965.500 Y=1636.000 Z=496.500) RuntimeGrid:None EditorOnly:0 RuntimeOnly:0 HLODRelevant:1 ListedInSceneOutliner:1 IsMainWorldOnly:0
 |   |   |- Guid:69F7DA7D42AF8D021C7EACA20393FDA9 BaseClass: NativeClass:/Script/Engine.TextRenderActor Name:TextRenderActor_UAID_C87F54EAD91082F001_1255969481 Label:TextRenderActor4 SpatiallyLoaded:1 Bounds:IsValid=true, Min=(X=2898.900 Y=830.000 Z=118.263), Max=(X=2898.900 Y=2205.962 Z=155.763) RuntimeGrid:None EditorOnly:0 RuntimeOnly:0 HLODRelevant:0 ListedInSceneOutliner:1 IsMainWorldOnly:0
 |   |   |- Guid:6A7BEE3B4E59DB0E0682BFA66B7394F8 BaseClass:/Game/NextLevel.NextLevel_C NativeClass:/Script/Engine.Actor Name:NextLevel_C_UAID_C87F54EAD910E9D301_1462230983 Label:NextLevel SpatiallyLoaded:1 Bounds:IsValid=true, Min=(X=1798.000 Y=763.004 Z=-4.000), Max=(X=1912.563 Y=923.003 Z=211.996) RuntimeGrid:None EditorOnly:0 RuntimeOnly:0 HLODRelevant:0 ListedInSceneOutliner:1 IsMainWorldOnly:0
 |   |   |- Guid:734317D14784A422C41EC6872A453D29 BaseClass: NativeClass:/Script/Engine.WorldDataLayers Name:WorldDataLayers Label:WorldDataLayers-1 SpatiallyLoaded:0 Bounds:Invalid RuntimeGrid:None EditorOnly:0 RuntimeOnly:0 HLODRelevant:0 ListedInSceneOutliner:1 IsMainWorldOnly:1
 |   |   |- Guid:747867A94C7ED46A0B0BDF970401B4DE BaseClass: NativeClass:/Script/Engine.TextRenderActor Name:TextRenderActor_UAID_C87F54EAD91082F001_1371540482 Label:TextRenderActor5 SpatiallyLoaded:1 Bounds:IsValid=true, Min=(X=2898.900 Y=830.000 Z=84.263), Max=(X=2898.900 Y=1363.654 Z=121.763) RuntimeGrid:None EditorOnly:0 RuntimeOnly:0 HLODRelevant:0 ListedInSceneOutliner:1 IsMainWorldOnly:0
 |   |   |- Guid:78AB1116432DB0640DC0219113BFA00E BaseClass: NativeClass:/Script/Engine.TextRenderActor Name:TextRenderActor_UAID_C87F54EAD91082F001_1564462486 Label:TextRenderActor9 SpatiallyLoaded:1 Bounds:IsValid=true, Min=(X=2898.900 Y=372.000 Z=222.263), Max=(X=2898.900 Y=1597.962 Z=259.763) RuntimeGrid:None EditorOnly:0 RuntimeOnly:0 HLODRelevant:0 ListedInSceneOutliner:1 IsMainWorldOnly:0
 |   |   |- Guid:8080C0F84DCB3A9A917ADF889E05665E BaseClass: NativeClass:/Script/Engine.TextRenderActor Name:TextRenderActor_UAID_C87F54EAD91082F001_1171789479 Label:TextRenderActor2 SpatiallyLoaded:1 Bounds:IsValid=true, Min=(X=2898.900 Y=830.000 Z=181.263), Max=(X=2898.900 Y=1018.942 Z=218.763) RuntimeGrid:None EditorOnly:0 RuntimeOnly:0 HLODRelevant:0 ListedInSceneOutliner:1 IsMainWorldOnly:0
 |   |   |- Guid:848C10734E635CA4FEEA8FBB7766CBAA BaseClass: NativeClass:/Script/Engine.AmbientSound Name:AmbientSound_UAID_C87F54EAD9109AF001_1143593704 Label:ambience SpatiallyLoaded:1 Bounds:IsValid=true, Min=(X=728.000 Y=240.000 Z=50.000), Max=(X=728.000 Y=240.000 Z=50.000) RuntimeGrid:None EditorOnly:0 RuntimeOnly:0 HLODRelevant:0 ListedInSceneOutliner:1 IsMainWorldOnly:0
 |   |   |- Guid:882DF2884A89A64CA060719621A3F427 BaseClass:/Game/Canvas/BP_Canvas.BP_Canvas_C NativeClass:/Script/Engine.Actor Name:BP_Canvas_C_UAID_C87F54EAD9100DD101_1772227151 Label:BP_Canvas SpatiallyLoaded:1 Bounds:IsValid=true, Min=(X=1119.133 Y=831.000 Z=64.000), Max=(X=1120.867 Y=960.350 Z=194.000) RuntimeGrid:None EditorOnly:0 RuntimeOnly:0 HLODRelevant:0 ListedInSceneOutliner:1 IsMainWorldOnly:0
 |   |   |- Guid:AE1CCA324B2B0037FEE2C09C100872EF BaseClass: NativeClass:/Script/Engine.StaticMeshActor Name:StaticMeshActor_UAID_C87F54EAD9109EF001_1074110414 Label:Cube SpatiallyLoaded:1 Bounds:IsValid=true, Min=(X=248.000 Y=82.500 Z=-97.000), Max=(X=2948.000 Y=1657.500 Z=3.000) RuntimeGrid:None EditorOnly:0 RuntimeOnly:0 HLODRelevant:1 ListedInSceneOutliner:1 IsMainWorldOnly:0
 |   |   |- Guid:AEB8C8AD490424B9D58B83987FDA83AD BaseClass: NativeClass:/Script/Engine.TextRenderActor Name:TextRenderActor_UAID_C87F54EAD91082F001_1752501487 Label:TextRenderActor10 SpatiallyLoaded:1 Bounds:IsValid=true, Min=(X=2898.900 Y=372.000 Z=183.263), Max=(X=2898.900 Y=758.538 Z=220.763) RuntimeGrid:None EditorOnly:0 RuntimeOnly:0 HLODRelevant:0 ListedInSceneOutliner:1 IsMainWorldOnly:0
 |   |   |- Guid:D5CDEE86456B7C439CAA689413ED57D6 BaseClass: NativeClass:/Script/Engine.TextRenderActor Name:TextRenderActor_UAID_C87F54EAD91082F001_1513258485 Label:TextRenderActor8 SpatiallyLoaded:1 Bounds:IsValid=true, Min=(X=2898.900 Y=1234.130 Z=1.407), Max=(X=2898.900 Y=1470.384 Z=63.617) RuntimeGrid:None EditorOnly:0 RuntimeOnly:0 HLODRelevant:0 ListedInSceneOutliner:1 IsMainWorldOnly:0
 |   |   |- Guid:E66D96974D10B3F07F6398826FE39B4C BaseClass: NativeClass:/Script/Engine.TextRenderActor Name:TextRenderActor_UAID_C87F54EAD91082F001_1436667484 Label:TextRenderActor7 SpatiallyLoaded:1 Bounds:IsValid=true, Min=(X=2898.900 Y=1191.130 Z=17.407), Max=(X=2898.900 Y=1593.814 Z=108.963) RuntimeGrid:None EditorOnly:0 RuntimeOnly:0 HLODRelevant:0 ListedInSceneOutliner:1 IsMainWorldOnly:0
 |   |   |- Guid:F3B9B02A45C49E28FBB6CFA8CBDBF0FE BaseClass: NativeClass:/Script/Engine.TextRenderActor Name:TextRenderActor_0 Label:TextRenderActor SpatiallyLoaded:1 Bounds:IsValid=true, Min=(X=1099.900 Y=830.000 Z=181.263), Max=(X=1099.900 Y=962.692 Z=218.763) RuntimeGrid:None EditorOnly:0 RuntimeOnly:0 HLODRelevant:0 ListedInSceneOutliner:1 IsMainWorldOnly:0
 |   |   |- Guid:F3DA503E4AC4AB8C36BE17B2624D4039 BaseClass: NativeClass:/Script/Engine.PlayerStart Name:PlayerStart_0 Label:PlayerStart SpatiallyLoaded:0 Bounds:IsValid=true, Min=(X=870.000 Y=850.000 Z=0.013), Max=(X=950.000 Y=930.000 Z=184.013) RuntimeGrid:None EditorOnly:0 RuntimeOnly:0 HLODRelevant:0 ListedInSceneOutliner:1 IsMainWorldOnly:0
 |   |   |- Guid:FCEB2707497DF343E51000A09819A93B BaseClass: NativeClass:/Script/Engine.TextRenderActor Name:TextRenderActor_UAID_C87F54EAD91082F001_1224669480 Label:TextRenderActor3 SpatiallyLoaded:1 Bounds:IsValid=true, Min=(X=2898.900 Y=830.000 Z=148.263), Max=(X=2898.900 Y=1672.308 Z=185.763) RuntimeGrid:None EditorOnly:0 RuntimeOnly:0 HLODRelevant:0 ListedInSceneOutliner:1 IsMainWorldOnly:0
 |   |- [+] Clusters:
 |   |   |- [+] [  0]
 |   |   |   |- Guid:038784084697302EB1057BA8BAD62EE7 BaseClass: NativeClass:/Script/Engine.StaticMeshActor Name:StaticMeshActor_UAID_C87F54EAD9109EF001_1074114418 Label:Cube5 SpatiallyLoaded:1 Bounds:IsValid=true, Min=(X=332.000 Y=42.500 Z=-178.500), Max=(X=432.000 Y=1667.500 Z=496.500) RuntimeGrid:None EditorOnly:0 RuntimeOnly:0 HLODRelevant:1 ListedInSceneOutliner:1 IsMainWorldOnly:0
 |   |   |- [+] [  1]
 |   |   |   |- Guid:042D7B3F4AE8C98EC5831C9261767197 BaseClass: NativeClass:/Script/Engine.StaticMeshActor Name:StaticMeshActor_UAID_C87F54EAD9109EF001_1074115420 Label:Cube7 SpatiallyLoaded:1 Bounds:IsValid=true, Min=(X=1722.000 Y=642.500 Z=-178.500), Max=(X=1822.000 Y=1067.500 Z=496.500) RuntimeGrid:None EditorOnly:0 RuntimeOnly:0 HLODRelevant:1 ListedInSceneOutliner:1 IsMainWorldOnly:0
 |   |   |- [+] [  2]
 |   |   |   |- Guid:059FBB024E96FCEB32D38A8E7F2689D2 BaseClass: NativeClass:/Script/Engine.StaticMeshActor Name:StaticMeshActor_UAID_C87F54EAD9109EF001_1074112416 Label:Cube3 SpatiallyLoaded:1 Bounds:IsValid=true, Min=(X=125.500 Y=82.000 Z=-178.500), Max=(X=3000.500 Y=182.000 Z=496.500) RuntimeGrid:None EditorOnly:0 RuntimeOnly:0 HLODRelevant:1 ListedInSceneOutliner:1 IsMainWorldOnly:0
 |   |   |- [+] [  3]
 |   |   |   |- Guid:1D627A914286C3B7055D708F5AA87ACB BaseClass: NativeClass:/Script/Engine.TextRenderActor Name:TextRenderActor_UAID_C87F54EAD91082F001_1389402483 Label:TextRenderActor6 SpatiallyLoaded:1 Bounds:IsValid=true, Min=(X=2898.900 Y=830.000 Z=50.263), Max=(X=2898.900 Y=1376.635 Z=87.763) RuntimeGrid:None EditorOnly:0 RuntimeOnly:0 HLODRelevant:0 ListedInSceneOutliner:1 IsMainWorldOnly:0
 |   |   |- [+] [  4]
 |   |   |   |- Guid:29DA3FC94B625C873FCA7299AA584ACF BaseClass: NativeClass:/Script/Engine.StaticMeshActor Name:StaticMeshActor_UAID_C87F54EAD9109EF001_1074112415 Label:Cube2 SpatiallyLoaded:1 Bounds:IsValid=true, Min=(X=361.500 Y=82.500 Z=384.000), Max=(X=2936.500 Y=1657.500 Z=484.000) RuntimeGrid:None EditorOnly:0 RuntimeOnly:0 HLODRelevant:1 ListedInSceneOutliner:1 IsMainWorldOnly:0
 |   |   |- [+] [  5]
 |   |   |   |- Guid:36B1278B44D9C3CC4E545DB6D95E8941 BaseClass: NativeClass:/Script/Engine.StaticMeshActor Name:StaticMeshActor_UAID_C87F54EAD9109EF001_1074114419 Label:Cube6 SpatiallyLoaded:1 Bounds:IsValid=true, Min=(X=2904.000 Y=42.500 Z=-178.500), Max=(X=3004.000 Y=1667.500 Z=496.500) RuntimeGrid:None EditorOnly:0 RuntimeOnly:0 HLODRelevant:1 ListedInSceneOutliner:1 IsMainWorldOnly:0
 |   |   |- [+] [  6]
 |   |   |   |- Guid:464A0F404D847CC3E90D71A0BF656577 BaseClass: NativeClass:/Script/Engine.StaticMeshActor Name:StaticMeshActor_UAID_C87F54EAD9109EF001_1074113417 Label:Cube4 SpatiallyLoaded:1 Bounds:IsValid=true, Min=(X=240.500 Y=1536.000 Z=-178.500), Max=(X=2965.500 Y=1636.000 Z=496.500) RuntimeGrid:None EditorOnly:0 RuntimeOnly:0 HLODRelevant:1 ListedInSceneOutliner:1 IsMainWorldOnly:0
 |   |   |- [+] [  7]
 |   |   |   |- Guid:69F7DA7D42AF8D021C7EACA20393FDA9 BaseClass: NativeClass:/Script/Engine.TextRenderActor Name:TextRenderActor_UAID_C87F54EAD91082F001_1255969481 Label:TextRenderActor4 SpatiallyLoaded:1 Bounds:IsValid=true, Min=(X=2898.900 Y=830.000 Z=118.263), Max=(X=2898.900 Y=2205.962 Z=155.763) RuntimeGrid:None EditorOnly:0 RuntimeOnly:0 HLODRelevant:0 ListedInSceneOutliner:1 IsMainWorldOnly:0
 |   |   |- [+] [  8]
 |   |   |   |- Guid:6A7BEE3B4E59DB0E0682BFA66B7394F8 BaseClass:/Game/NextLevel.NextLevel_C NativeClass:/Script/Engine.Actor Name:NextLevel_C_UAID_C87F54EAD910E9D301_1462230983 Label:NextLevel SpatiallyLoaded:1 Bounds:IsValid=true, Min=(X=1798.000 Y=763.004 Z=-4.000), Max=(X=1912.563 Y=923.003 Z=211.996) RuntimeGrid:None EditorOnly:0 RuntimeOnly:0 HLODRelevant:0 ListedInSceneOutliner:1 IsMainWorldOnly:0
 |   |   |- [+] [  9]
 |   |   |   |- Guid:734317D14784A422C41EC6872A453D29 BaseClass: NativeClass:/Script/Engine.WorldDataLayers Name:WorldDataLayers Label:WorldDataLayers-1 SpatiallyLoaded:0 Bounds:Invalid RuntimeGrid:None EditorOnly:0 RuntimeOnly:0 HLODRelevant:0 ListedInSceneOutliner:1 IsMainWorldOnly:1
 |   |   |- [+] [ 10]
 |   |   |   |- Guid:747867A94C7ED46A0B0BDF970401B4DE BaseClass: NativeClass:/Script/Engine.TextRenderActor Name:TextRenderActor_UAID_C87F54EAD91082F001_1371540482 Label:TextRenderActor5 SpatiallyLoaded:1 Bounds:IsValid=true, Min=(X=2898.900 Y=830.000 Z=84.263), Max=(X=2898.900 Y=1363.654 Z=121.763) RuntimeGrid:None EditorOnly:0 RuntimeOnly:0 HLODRelevant:0 ListedInSceneOutliner:1 IsMainWorldOnly:0
 |   |   |- [+] [ 11]
 |   |   |   |- Guid:78AB1116432DB0640DC0219113BFA00E BaseClass: NativeClass:/Script/Engine.TextRenderActor Name:TextRenderActor_UAID_C87F54EAD91082F001_1564462486 Label:TextRenderActor9 SpatiallyLoaded:1 Bounds:IsValid=true, Min=(X=2898.900 Y=372.000 Z=222.263), Max=(X=2898.900 Y=1597.962 Z=259.763) RuntimeGrid:None EditorOnly:0 RuntimeOnly:0 HLODRelevant:0 ListedInSceneOutliner:1 IsMainWorldOnly:0
 |   |   |- [+] [ 12]
 |   |   |   |- Guid:8080C0F84DCB3A9A917ADF889E05665E BaseClass: NativeClass:/Script/Engine.TextRenderActor Name:TextRenderActor_UAID_C87F54EAD91082F001_1171789479 Label:TextRenderActor2 SpatiallyLoaded:1 Bounds:IsValid=true, Min=(X=2898.900 Y=830.000 Z=181.263), Max=(X=2898.900 Y=1018.942 Z=218.763) RuntimeGrid:None EditorOnly:0 RuntimeOnly:0 HLODRelevant:0 ListedInSceneOutliner:1 IsMainWorldOnly:0
 |   |   |- [+] [ 13]
 |   |   |   |- Guid:848C10734E635CA4FEEA8FBB7766CBAA BaseClass: NativeClass:/Script/Engine.AmbientSound Name:AmbientSound_UAID_C87F54EAD9109AF001_1143593704 Label:ambience SpatiallyLoaded:1 Bounds:IsValid=true, Min=(X=728.000 Y=240.000 Z=50.000), Max=(X=728.000 Y=240.000 Z=50.000) RuntimeGrid:None EditorOnly:0 RuntimeOnly:0 HLODRelevant:0 ListedInSceneOutliner:1 IsMainWorldOnly:0
 |   |   |- [+] [ 14]
 |   |   |   |- Guid:882DF2884A89A64CA060719621A3F427 BaseClass:/Game/Canvas/BP_Canvas.BP_Canvas_C NativeClass:/Script/Engine.Actor Name:BP_Canvas_C_UAID_C87F54EAD9100DD101_1772227151 Label:BP_Canvas SpatiallyLoaded:1 Bounds:IsValid=true, Min=(X=1119.133 Y=831.000 Z=64.000), Max=(X=1120.867 Y=960.350 Z=194.000) RuntimeGrid:None EditorOnly:0 RuntimeOnly:0 HLODRelevant:0 ListedInSceneOutliner:1 IsMainWorldOnly:0
 |   |   |- [+] [ 15]
 |   |   |   |- Guid:AE1CCA324B2B0037FEE2C09C100872EF BaseClass: NativeClass:/Script/Engine.StaticMeshActor Name:StaticMeshActor_UAID_C87F54EAD9109EF001_1074110414 Label:Cube SpatiallyLoaded:1 Bounds:IsValid=true, Min=(X=248.000 Y=82.500 Z=-97.000), Max=(X=2948.000 Y=1657.500 Z=3.000) RuntimeGrid:None EditorOnly:0 RuntimeOnly:0 HLODRelevant:1 ListedInSceneOutliner:1 IsMainWorldOnly:0
 |   |   |- [+] [ 16]
 |   |   |   |- Guid:AEB8C8AD490424B9D58B83987FDA83AD BaseClass: NativeClass:/Script/Engine.TextRenderActor Name:TextRenderActor_UAID_C87F54EAD91082F001_1752501487 Label:TextRenderActor10 SpatiallyLoaded:1 Bounds:IsValid=true, Min=(X=2898.900 Y=372.000 Z=183.263), Max=(X=2898.900 Y=758.538 Z=220.763) RuntimeGrid:None EditorOnly:0 RuntimeOnly:0 HLODRelevant:0 ListedInSceneOutliner:1 IsMainWorldOnly:0
 |   |   |- [+] [ 17]
 |   |   |   |- Guid:D5CDEE86456B7C439CAA689413ED57D6 BaseClass: NativeClass:/Script/Engine.TextRenderActor Name:TextRenderActor_UAID_C87F54EAD91082F001_1513258485 Label:TextRenderActor8 SpatiallyLoaded:1 Bounds:IsValid=true, Min=(X=2898.900 Y=1234.130 Z=1.407), Max=(X=2898.900 Y=1470.384 Z=63.617) RuntimeGrid:None EditorOnly:0 RuntimeOnly:0 HLODRelevant:0 ListedInSceneOutliner:1 IsMainWorldOnly:0
 |   |   |- [+] [ 18]
 |   |   |   |- Guid:E66D96974D10B3F07F6398826FE39B4C BaseClass: NativeClass:/Script/Engine.TextRenderActor Name:TextRenderActor_UAID_C87F54EAD91082F001_1436667484 Label:TextRenderActor7 SpatiallyLoaded:1 Bounds:IsValid=true, Min=(X=2898.900 Y=1191.130 Z=17.407), Max=(X=2898.900 Y=1593.814 Z=108.963) RuntimeGrid:None EditorOnly:0 RuntimeOnly:0 HLODRelevant:0 ListedInSceneOutliner:1 IsMainWorldOnly:0
 |   |   |- [+] [ 19]
 |   |   |   |- Guid:F3B9B02A45C49E28FBB6CFA8CBDBF0FE BaseClass: NativeClass:/Script/Engine.TextRenderActor Name:TextRenderActor_0 Label:TextRenderActor SpatiallyLoaded:1 Bounds:IsValid=true, Min=(X=1099.900 Y=830.000 Z=181.263), Max=(X=1099.900 Y=962.692 Z=218.763) RuntimeGrid:None EditorOnly:0 RuntimeOnly:0 HLODRelevant:0 ListedInSceneOutliner:1 IsMainWorldOnly:0
 |   |   |- [+] [ 20]
 |   |   |   |- Guid:F3DA503E4AC4AB8C36BE17B2624D4039 BaseClass: NativeClass:/Script/Engine.PlayerStart Name:PlayerStart_0 Label:PlayerStart SpatiallyLoaded:0 Bounds:IsValid=true, Min=(X=870.000 Y=850.000 Z=0.013), Max=(X=950.000 Y=930.000 Z=184.013) RuntimeGrid:None EditorOnly:0 RuntimeOnly:0 HLODRelevant:0 ListedInSceneOutliner:1 IsMainWorldOnly:0
 |   |   |- [+] [ 21]
 |   |   |   |- Guid:FCEB2707497DF343E51000A09819A93B BaseClass: NativeClass:/Script/Engine.TextRenderActor Name:TextRenderActor_UAID_C87F54EAD91082F001_1224669480 Label:TextRenderActor3 SpatiallyLoaded:1 Bounds:IsValid=true, Min=(X=2898.900 Y=830.000 Z=148.263), Max=(X=2898.900 Y=1672.308 Z=185.763) RuntimeGrid:None EditorOnly:0 RuntimeOnly:0 HLODRelevant:0 ListedInSceneOutliner:1 IsMainWorldOnly:0
 |- ContainerInstances:
 |- [+] MainContainer:
 |   |-        ID: 00000000000000000000000000000000
 |   |-  ParentID: 00000000000000000000000000000000
 |   |-    Bounds: IsValid=false, Min=(X=0.000 Y=0.000 Z=0.000), Max=(X=0.000 Y=0.000 Z=0.000)
 |   |- Transform: 0.000000,0.000000,0.000000|0.000000,0.000000,-0.000000|1.000000,1.000000,1.000000
 |   |- Container: /Game/FirstPerson/Maps/level_13
----------------------------------------------------------------------------------------------------------------
level_13 - Persistent Level
----------------------------------------------------------------------------------------------------------------
[+] Content of level_13 Persistent Level
 |- Always loaded Actor Count: 5 
 |- Actor Path: /Game/FirstPerson/Maps/level_13.level_13:PersistentLevel.Brush_0
 |- Actor Package: /Game/FirstPerson/Maps/level_13
 |- Actor Path: /Game/FirstPerson/Maps/level_13.level_13:PersistentLevel.DefaultPhysicsVolume_0
 |- Actor Package: /Game/FirstPerson/Maps/level_13
 |- Actor Path: /Game/FirstPerson/Maps/level_13.level_13:PersistentLevel.level_13_C_1
 |- Actor Package: /Game/FirstPerson/Maps/level_13
 |- Actor Path: /Game/FirstPerson/Maps/level_13.level_13:PersistentLevel.WorldDataLayers
 |- Actor Package: /Game/__ExternalActors__/FirstPerson/Maps/level_13/A/2H/SJ265XDVTY8W9XM4T1SXUD
 |- Actor Path: /Game/FirstPerson/Maps/level_13.level_13:PersistentLevel.WorldInfo_0
 |- Actor Package: /Game/FirstPerson/Maps/level_13

----------------------------------------------------------------------------------------------------------------
level_13 - Runtime Spatial Hash - Streaming Grid - MainGrid
----------------------------------------------------------------------------------------------------------------
            Origin: X=0.000 Y=0.000 Z=0.000
         Cell Size: 12800
      World Bounds: IsValid=false, Min=(X=0.000 Y=0.000 Z=0.000), Max=(X=0.000 Y=0.000 Z=0.000)
     Loading Range: 25600.00
Block Slow Loading: No
 ClientOnlyVisible: No
            Origin: X=0.000 Y=0.000 Z=0.000

[+] Grid Levels: 1
 |- Level  0: Cell Count    1 | Cell Size   12800 | Actor Count   21 (100.0%)

[+] Content of Grid Level 0
 |- [+] Content of Cell level_13_MainGrid_L0_X0_Y0 (4CDMUV55ANFXRK41RIXPYTJ9E)
 |   |- Actor Count: 21
 |   |-          Actor Path: /Game/FirstPerson/Maps/level_13.level_13:PersistentLevel.StaticMeshActor_UAID_C87F54EAD9109EF001_1074114418
 |   |-       Actor Package: /Game/__ExternalActors__/FirstPerson/Maps/level_13/B/U1/OJZBMLC50TH250VM91T3YT
 |   |- Actor Instance Guid: 038784084697302EB1057BA8BAD62EE7
 |   |-          Actor Path: /Game/FirstPerson/Maps/level_13.level_13:PersistentLevel.StaticMeshActor_UAID_C87F54EAD9109EF001_1074115420
 |   |-       Actor Package: /Game/__ExternalActors__/FirstPerson/Maps/level_13/0/Z8/MER9AMP21E6YQZCJUE4N5I
 |   |- Actor Instance Guid: 042D7B3F4AE8C98EC5831C9261767197
 |   |-          Actor Path: /Game/FirstPerson/Maps/level_13.level_13:PersistentLevel.StaticMeshActor_UAID_C87F54EAD9109EF001_1074112416
 |   |-       Actor Package: /Game/__ExternalActors__/FirstPerson/Maps/level_13/D/1U/2FIGH42SPOQNO53SYD69DS
 |   |- Actor Instance Guid: 059FBB024E96FCEB32D38A8E7F2689D2
 |   |-          Actor Path: /Game/FirstPerson/Maps/level_13.level_13:PersistentLevel.TextRenderActor_UAID_C87F54EAD91082F001_1389402483
 |   |-       Actor Package: /Game/__ExternalActors__/FirstPerson/Maps/level_13/D/R5/O3EFXX78FYFCUQZ48AEPW7
 |   |- Actor Instance Guid: 1D627A914286C3B7055D708F5AA87ACB
 |   |-          Actor Path: /Game/FirstPerson/Maps/level_13.level_13:PersistentLevel.StaticMeshActor_UAID_C87F54EAD9109EF001_1074112415
 |   |-       Actor Package: /Game/__ExternalActors__/FirstPerson/Maps/level_13/4/6F/7QEAEUI0YURVKA4IJ7EHQ0
 |   |- Actor Instance Guid: 29DA3FC94B625C873FCA7299AA584ACF
 |   |-          Actor Path: /Game/FirstPerson/Maps/level_13.level_13:PersistentLevel.StaticMeshActor_UAID_C87F54EAD9109EF001_1074114419
 |   |-       Actor Package: /Game/__ExternalActors__/FirstPerson/Maps/level_13/0/TX/41FS1W2C2A93SSBDDP86BL
 |   |- Actor Instance Guid: 36B1278B44D9C3CC4E545DB6D95E8941
 |   |-          Actor Path: /Game/FirstPerson/Maps/level_13.level_13:PersistentLevel.StaticMeshActor_UAID_C87F54EAD9109EF001_1074113417
 |   |-       Actor Package: /Game/__ExternalActors__/FirstPerson/Maps/level_13/2/LJ/YW2MIGSQDKRIJBEVHSFD3E
 |   |- Actor Instance Guid: 464A0F404D847CC3E90D71A0BF656577
 |   |-          Actor Path: /Game/FirstPerson/Maps/level_13.level_13:PersistentLevel.TextRenderActor_UAID_C87F54EAD91082F001_1255969481
 |   |-       Actor Package: /Game/__ExternalActors__/FirstPerson/Maps/level_13/1/ER/W9XL9HCWUG5ETKGWYE09ZY
 |   |- Actor Instance Guid: 69F7DA7D42AF8D021C7EACA20393FDA9
 |   |-          Actor Path: /Game/FirstPerson/Maps/level_13.level_13:PersistentLevel.NextLevel_C_UAID_C87F54EAD910E9D301_1462230983
 |   |-       Actor Package: /Game/__ExternalActors__/FirstPerson/Maps/level_13/E/KJ/JTEHQHUMC6MHGUZQ66AROG
 |   |- Actor Instance Guid: 6A7BEE3B4E59DB0E0682BFA66B7394F8
 |   |-          Actor Path: /Game/FirstPerson/Maps/level_13.level_13:PersistentLevel.TextRenderActor_UAID_C87F54EAD91082F001_1371540482
 |   |-       Actor Package: /Game/__ExternalActors__/FirstPerson/Maps/level_13/2/OV/BROET31GVI22PCEQVTPJSF
 |   |- Actor Instance Guid: 747867A94C7ED46A0B0BDF970401B4DE
 |   |-          Actor Path: /Game/FirstPerson/Maps/level_13.level_13:PersistentLevel.TextRenderActor_UAID_C87F54EAD91082F001_1564462486
 |   |-       Actor Package: /Game/__ExternalActors__/FirstPerson/Maps/level_13/C/18/XVJDSAS1E890N8GK6ID0ZH
 |   |- Actor Instance Guid: 78AB1116432DB0640DC0219113BFA00E
 |   |-          Actor Path: /Game/FirstPerson/Maps/level_13.level_13:PersistentLevel.TextRenderActor_UAID_C87F54EAD91082F001_1171789479
 |   |-       Actor Package: /Game/__ExternalActors__/FirstPerson/Maps/level_13/F/0V/WKQVADJJVLUHZ4HNR6B8H6
 |   |- Actor Instance Guid: 8080C0F84DCB3A9A917ADF889E05665E
 |   |-          Actor Path: /Game/FirstPerson/Maps/level_13.level_13:PersistentLevel.AmbientSound_UAID_C87F54EAD9109AF001_1143593704
 |   |-       Actor Package: /Game/__ExternalActors__/FirstPerson/Maps/level_13/9/TY/3AC37QJDCUYUAFYBTEURYK
 |   |- Actor Instance Guid: 848C10734E635CA4FEEA8FBB7766CBAA
 |   |-          Actor Path: /Game/FirstPerson/Maps/level_13.level_13:PersistentLevel.BP_Canvas_C_UAID_C87F54EAD9100DD101_1772227151
 |   |-       Actor Package: /Game/__ExternalActors__/FirstPerson/Maps/level_13/0/LU/RUR1F7UMNYBXAFXUF85N40
 |   |- Actor Instance Guid: 882DF2884A89A64CA060719621A3F427
 |   |-          Actor Path: /Game/FirstPerson/Maps/level_13.level_13:PersistentLevel.StaticMeshActor_UAID_C87F54EAD9109EF001_1074110414
 |   |-       Actor Package: /Game/__ExternalActors__/FirstPerson/Maps/level_13/A/5G/MZ3T787Y9YFLU7VHQ8WG70
 |   |- Actor Instance Guid: AE1CCA324B2B0037FEE2C09C100872EF
 |   |-          Actor Path: /Game/FirstPerson/Maps/level_13.level_13:PersistentLevel.TextRenderActor_UAID_C87F54EAD91082F001_1752501487
 |   |-       Actor Package: /Game/__ExternalActors__/FirstPerson/Maps/level_13/3/2T/H9FWXORV6YOLRCOXJ6WYFW
 |   |- Actor Instance Guid: AEB8C8AD490424B9D58B83987FDA83AD
 |   |-          Actor Path: /Game/FirstPerson/Maps/level_13.level_13:PersistentLevel.TextRenderActor_UAID_C87F54EAD91082F001_1513258485
 |   |-       Actor Package: /Game/__ExternalActors__/FirstPerson/Maps/level_13/9/3X/HX25MB4ZNRBJC23BERI86Z
 |   |- Actor Instance Guid: D5CDEE86456B7C439CAA689413ED57D6
 |   |-          Actor Path: /Game/FirstPerson/Maps/level_13.level_13:PersistentLevel.TextRenderActor_UAID_C87F54EAD91082F001_1436667484
 |   |-       Actor Package: /Game/__ExternalActors__/FirstPerson/Maps/level_13/B/HI/QA3L996H971UFB8TUV5Y1I
 |   |- Actor Instance Guid: E66D96974D10B3F07F6398826FE39B4C
 |   |-          Actor Path: /Game/FirstPerson/Maps/level_13.level_13:PersistentLevel.TextRenderActor_0
 |   |-       Actor Package: /Game/__ExternalActors__/FirstPerson/Maps/level_13/5/FF/JHU6QZATXNWQTJNJVAL3WV
 |   |- Actor Instance Guid: F3B9B02A45C49E28FBB6CFA8CBDBF0FE
 |   |-          Actor Path: /Game/FirstPerson/Maps/level_13.level_13:PersistentLevel.PlayerStart_0
 |   |-       Actor Package: /Game/__ExternalActors__/FirstPerson/Maps/level_13/2/TA/IL21F3FTCZ858GMC52R5GF
 |   |- Actor Instance Guid: F3DA503E4AC4AB8C36BE17B2624D4039
 |   |-          Actor Path: /Game/FirstPerson/Maps/level_13.level_13:PersistentLevel.TextRenderActor_UAID_C87F54EAD91082F001_1224669480
 |   |-       Actor Package: /Game/__ExternalActors__/FirstPerson/Maps/level_13/3/O8/C76PP21VYNS20A0UE9X8SZ
 |   |- Actor Instance Guid: FCEB2707497DF343E51000A09819A93B

