[+] Containers:
 |- [+] Container: /Game/FirstPerson/Maps/level_1
 |   |- [+] ActorDescs:
 |   |   |- Guid:0F5D2E5147C7D1F807823985FD425E69 BaseClass:/Game/Canvas/BP_Canvas.BP_Canvas_C NativeClass:/Script/Engine.Actor Name:BP_Canvas_C_UAID_C87F54EAD9100DD101_1772227151 Label:BP_Canvas SpatiallyLoaded:1 Bounds:IsValid=true, Min=(X=1119.133 Y=831.000 Z=64.000), Max=(X=1120.867 Y=960.350 Z=194.000) RuntimeGrid:None EditorOnly:0 RuntimeOnly:0 HLODRelevant:0 ListedInSceneOutliner:1 IsMainWorldOnly:0
 |   |   |- Guid:315B87744FC4C426AA81F6AAE8B305E0 BaseClass: NativeClass:/Script/Engine.StaticMeshActor Name:StaticMeshActor_UAID_C87F54EAD9109DF001_2019059234 Label:Cube4 SpatiallyLoaded:1 Bounds:IsValid=true, Min=(X=103.500 Y=1536.000 Z=-178.500), Max=(X=2328.500 Y=1636.000 Z=496.500) RuntimeGrid:None EditorOnly:0 RuntimeOnly:0 HLODRelevant:1 ListedInSceneOutliner:1 IsMainWorldOnly:0
 |   |   |- Guid:384525BC47B04580F4FD7E9A37BEE6EA BaseClass: NativeClass:/Script/Engine.StaticMeshActor Name:StaticMeshActor_UAID_C87F54EAD9109DF001_1921018232 Label:Cube2 SpatiallyLoaded:1 Bounds:IsValid=true, Min=(X=298.000 Y=82.500 Z=384.000), Max=(X=2298.000 Y=1657.500 Z=484.000) RuntimeGrid:None EditorOnly:0 RuntimeOnly:0 HLODRelevant:1 ListedInSceneOutliner:1 IsMainWorldOnly:0
 |   |   |- Guid:404FBF1E4EA0963F7BF2C9843F482284 BaseClass: NativeClass:/Script/Engine.AmbientSound Name:AmbientSound_UAID_C87F54EAD91099F001_1718646527 Label:ambience SpatiallyLoaded:1 Bounds:IsValid=true, Min=(X=920.000 Y=1128.000 Z=0.000), Max=(X=920.000 Y=1128.000 Z=0.000) RuntimeGrid:None EditorOnly:0 RuntimeOnly:0 HLODRelevant:0 ListedInSceneOutliner:1 IsMainWorldOnly:0
 |   |   |- Guid:7BFAF35D4B35BE3E03488E94FABBF94B BaseClass: NativeClass:/Script/Engine.StaticMeshActor Name:StaticMeshActor_UAID_C87F54EAD9109DF001_2067331237 Label:Cube7 SpatiallyLoaded:1 Bounds:IsValid=true, Min=(X=1556.000 Y=642.500 Z=-178.500), Max=(X=1656.000 Y=1067.500 Z=496.500) RuntimeGrid:None EditorOnly:0 RuntimeOnly:0 HLODRelevant:1 ListedInSceneOutliner:1 IsMainWorldOnly:0
 |   |   |- Guid:859AA48B418754CFD2432981BF0ED099 BaseClass:/Game/NextLevel.NextLevel_C NativeClass:/Script/Engine.Actor Name:NextLevel_C_UAID_C87F54EAD910E9D301_1462230983 Label:NextLevel SpatiallyLoaded:1 Bounds:IsValid=true, Min=(X=1631.000 Y=763.004 Z=-4.000), Max=(X=1745.563 Y=923.003 Z=211.996) RuntimeGrid:None EditorOnly:0 RuntimeOnly:0 HLODRelevant:0 ListedInSceneOutliner:1 IsMainWorldOnly:0
 |   |   |- Guid:98168E694E520CE99F6981835CB13F03 BaseClass: NativeClass:/Script/Engine.StaticMeshActor Name:StaticMeshActor_UAID_C87F54EAD9109DF001_1876189231 Label:Cube SpatiallyLoaded:1 Bounds:IsValid=true, Min=(X=298.000 Y=82.500 Z=-97.000), Max=(X=2298.000 Y=1657.500 Z=3.000) RuntimeGrid:None EditorOnly:0 RuntimeOnly:0 HLODRelevant:1 ListedInSceneOutliner:1 IsMainWorldOnly:0
 |   |   |- Guid:AA88DA90452B98A5659BE0BF9EC215CE BaseClass: NativeClass:/Script/Engine.StaticMeshActor Name:StaticMeshActor_UAID_C87F54EAD9109DF001_2023240235 Label:Cube5 SpatiallyLoaded:1 Bounds:IsValid=true, Min=(X=332.000 Y=42.500 Z=-178.500), Max=(X=432.000 Y=1667.500 Z=496.500) RuntimeGrid:None EditorOnly:0 RuntimeOnly:0 HLODRelevant:1 ListedInSceneOutliner:1 IsMainWorldOnly:0
 |   |   |- Guid:B20FBE52453DC5B35AC63B8A331302FF BaseClass: NativeClass:/Script/Engine.StaticMeshActor Name:StaticMeshActor_UAID_C87F54EAD9109DF001_2063588236 Label:Cube6 SpatiallyLoaded:1 Bounds:IsValid=true, Min=(X=2149.000 Y=42.500 Z=-178.500), Max=(X=2249.000 Y=1667.500 Z=496.500) RuntimeGrid:None EditorOnly:0 RuntimeOnly:0 HLODRelevant:1 ListedInSceneOutliner:1 IsMainWorldOnly:0
 |   |   |- Guid:BA77EB374DBF61913D05BEAC6F1D709C BaseClass: NativeClass:/Script/Engine.StaticMeshActor Name:StaticMeshActor_UAID_C87F54EAD9109DF001_1950758233 Label:Cube3 SpatiallyLoaded:1 Bounds:IsValid=true, Min=(X=103.500 Y=82.000 Z=-178.500), Max=(X=2328.500 Y=182.000 Z=496.500) RuntimeGrid:None EditorOnly:0 RuntimeOnly:0 HLODRelevant:1 ListedInSceneOutliner:1 IsMainWorldOnly:0
 |   |   |- Guid:C0C706894B57F4A7FCA848862DD38198 BaseClass: NativeClass:/Script/Engine.TextRenderActor Name:TextRenderActor_0 Label:TextRenderActor SpatiallyLoaded:1 Bounds:IsValid=true, Min=(X=1099.900 Y=830.000 Z=181.263), Max=(X=1099.900 Y=962.692 Z=218.763) RuntimeGrid:None EditorOnly:0 RuntimeOnly:0 HLODRelevant:0 ListedInSceneOutliner:1 IsMainWorldOnly:0
 |   |   |- Guid:CEFD30E54A0BC04BDA19A8AC068D9B47 BaseClass: NativeClass:/Script/Engine.PlayerStart Name:PlayerStart_0 Label:PlayerStart SpatiallyLoaded:0 Bounds:IsValid=true, Min=(X=870.000 Y=850.000 Z=0.013), Max=(X=950.000 Y=930.000 Z=184.013) RuntimeGrid:None EditorOnly:0 RuntimeOnly:0 HLODRelevant:0 ListedInSceneOutliner:1 IsMainWorldOnly:0
 |   |   |- Guid:D96D9A2648858290B1F97EB3145E783B BaseClass: NativeClass:/Script/Engine.WorldDataLayers Name:WorldDataLayers Label:WorldDataLayers-1 SpatiallyLoaded:0 Bounds:Invalid RuntimeGrid:None EditorOnly:0 RuntimeOnly:0 HLODRelevant:0 ListedInSceneOutliner:1 IsMainWorldOnly:1
 |   |- [+] Clusters:
 |   |   |- [+] [  0]
 |   |   |   |- Guid:0F5D2E5147C7D1F807823985FD425E69 BaseClass:/Game/Canvas/BP_Canvas.BP_Canvas_C NativeClass:/Script/Engine.Actor Name:BP_Canvas_C_UAID_C87F54EAD9100DD101_1772227151 Label:BP_Canvas SpatiallyLoaded:1 Bounds:IsValid=true, Min=(X=1119.133 Y=831.000 Z=64.000), Max=(X=1120.867 Y=960.350 Z=194.000) RuntimeGrid:None EditorOnly:0 RuntimeOnly:0 HLODRelevant:0 ListedInSceneOutliner:1 IsMainWorldOnly:0
 |   |   |- [+] [  1]
 |   |   |   |- Guid:315B87744FC4C426AA81F6AAE8B305E0 BaseClass: NativeClass:/Script/Engine.StaticMeshActor Name:StaticMeshActor_UAID_C87F54EAD9109DF001_2019059234 Label:Cube4 SpatiallyLoaded:1 Bounds:IsValid=true, Min=(X=103.500 Y=1536.000 Z=-178.500), Max=(X=2328.500 Y=1636.000 Z=496.500) RuntimeGrid:None EditorOnly:0 RuntimeOnly:0 HLODRelevant:1 ListedInSceneOutliner:1 IsMainWorldOnly:0
 |   |   |- [+] [  2]
 |   |   |   |- Guid:384525BC47B04580F4FD7E9A37BEE6EA BaseClass: NativeClass:/Script/Engine.StaticMeshActor Name:StaticMeshActor_UAID_C87F54EAD9109DF001_1921018232 Label:Cube2 SpatiallyLoaded:1 Bounds:IsValid=true, Min=(X=298.000 Y=82.500 Z=384.000), Max=(X=2298.000 Y=1657.500 Z=484.000) RuntimeGrid:None EditorOnly:0 RuntimeOnly:0 HLODRelevant:1 ListedInSceneOutliner:1 IsMainWorldOnly:0
 |   |   |- [+] [  3]
 |   |   |   |- Guid:404FBF1E4EA0963F7BF2C9843F482284 BaseClass: NativeClass:/Script/Engine.AmbientSound Name:AmbientSound_UAID_C87F54EAD91099F001_1718646527 Label:ambience SpatiallyLoaded:1 Bounds:IsValid=true, Min=(X=920.000 Y=1128.000 Z=0.000), Max=(X=920.000 Y=1128.000 Z=0.000) RuntimeGrid:None EditorOnly:0 RuntimeOnly:0 HLODRelevant:0 ListedInSceneOutliner:1 IsMainWorldOnly:0
 |   |   |- [+] [  4]
 |   |   |   |- Guid:7BFAF35D4B35BE3E03488E94FABBF94B BaseClass: NativeClass:/Script/Engine.StaticMeshActor Name:StaticMeshActor_UAID_C87F54EAD9109DF001_2067331237 Label:Cube7 SpatiallyLoaded:1 Bounds:IsValid=true, Min=(X=1556.000 Y=642.500 Z=-178.500), Max=(X=1656.000 Y=1067.500 Z=496.500) RuntimeGrid:None EditorOnly:0 RuntimeOnly:0 HLODRelevant:1 ListedInSceneOutliner:1 IsMainWorldOnly:0
 |   |   |- [+] [  5]
 |   |   |   |- Guid:859AA48B418754CFD2432981BF0ED099 BaseClass:/Game/NextLevel.NextLevel_C NativeClass:/Script/Engine.Actor Name:NextLevel_C_UAID_C87F54EAD910E9D301_1462230983 Label:NextLevel SpatiallyLoaded:1 Bounds:IsValid=true, Min=(X=1631.000 Y=763.004 Z=-4.000), Max=(X=1745.563 Y=923.003 Z=211.996) RuntimeGrid:None EditorOnly:0 RuntimeOnly:0 HLODRelevant:0 ListedInSceneOutliner:1 IsMainWorldOnly:0
 |   |   |- [+] [  6]
 |   |   |   |- Guid:98168E694E520CE99F6981835CB13F03 BaseClass: NativeClass:/Script/Engine.StaticMeshActor Name:StaticMeshActor_UAID_C87F54EAD9109DF001_1876189231 Label:Cube SpatiallyLoaded:1 Bounds:IsValid=true, Min=(X=298.000 Y=82.500 Z=-97.000), Max=(X=2298.000 Y=1657.500 Z=3.000) RuntimeGrid:None EditorOnly:0 RuntimeOnly:0 HLODRelevant:1 ListedInSceneOutliner:1 IsMainWorldOnly:0
 |   |   |- [+] [  7]
 |   |   |   |- Guid:AA88DA90452B98A5659BE0BF9EC215CE BaseClass: NativeClass:/Script/Engine.StaticMeshActor Name:StaticMeshActor_UAID_C87F54EAD9109DF001_2023240235 Label:Cube5 SpatiallyLoaded:1 Bounds:IsValid=true, Min=(X=332.000 Y=42.500 Z=-178.500), Max=(X=432.000 Y=1667.500 Z=496.500) RuntimeGrid:None EditorOnly:0 RuntimeOnly:0 HLODRelevant:1 ListedInSceneOutliner:1 IsMainWorldOnly:0
 |   |   |- [+] [  8]
 |   |   |   |- Guid:B20FBE52453DC5B35AC63B8A331302FF BaseClass: NativeClass:/Script/Engine.StaticMeshActor Name:StaticMeshActor_UAID_C87F54EAD9109DF001_2063588236 Label:Cube6 SpatiallyLoaded:1 Bounds:IsValid=true, Min=(X=2149.000 Y=42.500 Z=-178.500), Max=(X=2249.000 Y=1667.500 Z=496.500) RuntimeGrid:None EditorOnly:0 RuntimeOnly:0 HLODRelevant:1 ListedInSceneOutliner:1 IsMainWorldOnly:0
 |   |   |- [+] [  9]
 |   |   |   |- Guid:BA77EB374DBF61913D05BEAC6F1D709C BaseClass: NativeClass:/Script/Engine.StaticMeshActor Name:StaticMeshActor_UAID_C87F54EAD9109DF001_1950758233 Label:Cube3 SpatiallyLoaded:1 Bounds:IsValid=true, Min=(X=103.500 Y=82.000 Z=-178.500), Max=(X=2328.500 Y=182.000 Z=496.500) RuntimeGrid:None EditorOnly:0 RuntimeOnly:0 HLODRelevant:1 ListedInSceneOutliner:1 IsMainWorldOnly:0
 |   |   |- [+] [ 10]
 |   |   |   |- Guid:C0C706894B57F4A7FCA848862DD38198 BaseClass: NativeClass:/Script/Engine.TextRenderActor Name:TextRenderActor_0 Label:TextRenderActor SpatiallyLoaded:1 Bounds:IsValid=true, Min=(X=1099.900 Y=830.000 Z=181.263), Max=(X=1099.900 Y=962.692 Z=218.763) RuntimeGrid:None EditorOnly:0 RuntimeOnly:0 HLODRelevant:0 ListedInSceneOutliner:1 IsMainWorldOnly:0
 |   |   |- [+] [ 11]
 |   |   |   |- Guid:CEFD30E54A0BC04BDA19A8AC068D9B47 BaseClass: NativeClass:/Script/Engine.PlayerStart Name:PlayerStart_0 Label:PlayerStart SpatiallyLoaded:0 Bounds:IsValid=true, Min=(X=870.000 Y=850.000 Z=0.013), Max=(X=950.000 Y=930.000 Z=184.013) RuntimeGrid:None EditorOnly:0 RuntimeOnly:0 HLODRelevant:0 ListedInSceneOutliner:1 IsMainWorldOnly:0
 |   |   |- [+] [ 12]
 |   |   |   |- Guid:D96D9A2648858290B1F97EB3145E783B BaseClass: NativeClass:/Script/Engine.WorldDataLayers Name:WorldDataLayers Label:WorldDataLayers-1 SpatiallyLoaded:0 Bounds:Invalid RuntimeGrid:None EditorOnly:0 RuntimeOnly:0 HLODRelevant:0 ListedInSceneOutliner:1 IsMainWorldOnly:1
 |- ContainerInstances:
 |- [+] MainContainer:
 |   |-        ID: 00000000000000000000000000000000
 |   |-  ParentID: 00000000000000000000000000000000
 |   |-    Bounds: IsValid=false, Min=(X=0.000 Y=0.000 Z=0.000), Max=(X=0.000 Y=0.000 Z=0.000)
 |   |- Transform: 0.000000,0.000000,0.000000|0.000000,0.000000,-0.000000|1.000000,1.000000,1.000000
 |   |- Container: /Game/FirstPerson/Maps/level_1
----------------------------------------------------------------------------------------------------------------
level_1 - Persistent Level
----------------------------------------------------------------------------------------------------------------
[+] Content of level_1 Persistent Level
 |- Always loaded Actor Count: 5 
 |- Actor Path: /Game/FirstPerson/Maps/level_1.level_1:PersistentLevel.Brush_0
 |- Actor Package: /Game/FirstPerson/Maps/level_1
 |- Actor Path: /Game/FirstPerson/Maps/level_1.level_1:PersistentLevel.DefaultPhysicsVolume_0
 |- Actor Package: /Game/FirstPerson/Maps/level_1
 |- Actor Path: /Game/FirstPerson/Maps/level_1.level_1:PersistentLevel.FirstPersonMap1_C_1
 |- Actor Package: /Game/FirstPerson/Maps/level_1
 |- Actor Path: /Game/FirstPerson/Maps/level_1.level_1:PersistentLevel.WorldDataLayers
 |- Actor Package: /Game/__ExternalActors__/FirstPerson/Maps/level_1/C/E0/P0QQJ0O5GRQYPCA6G9906M
 |- Actor Path: /Game/FirstPerson/Maps/level_1.level_1:PersistentLevel.WorldInfo_0
 |- Actor Package: /Game/FirstPerson/Maps/level_1

----------------------------------------------------------------------------------------------------------------
level_1 - Runtime Spatial Hash - Streaming Grid - MainGrid
----------------------------------------------------------------------------------------------------------------
            Origin: X=0.000 Y=0.000 Z=0.000
         Cell Size: 12800
      World Bounds: IsValid=false, Min=(X=0.000 Y=0.000 Z=0.000), Max=(X=0.000 Y=0.000 Z=0.000)
     Loading Range: 25600.00
Block Slow Loading: No
 ClientOnlyVisible: No
            Origin: X=0.000 Y=0.000 Z=0.000

[+] Grid Levels: 1
 |- Level  0: Cell Count    1 | Cell Size   12800 | Actor Count   12 (100.0%)

[+] Content of Grid Level 0
 |- [+] Content of Cell level_1_MainGrid_L0_X0_Y0 (6SSOVSZKD2OIFK92LYRQORW2R)
 |   |- Actor Count: 12
 |   |-          Actor Path: /Game/FirstPerson/Maps/level_1.level_1:PersistentLevel.BP_Canvas_C_UAID_C87F54EAD9100DD101_1772227151
 |   |-       Actor Package: /Game/__ExternalActors__/FirstPerson/Maps/level_1/D/2D/DVZOEGEAVHA8TX1WKN69XD
 |   |- Actor Instance Guid: 0F5D2E5147C7D1F807823985FD425E69
 |   |-          Actor Path: /Game/FirstPerson/Maps/level_1.level_1:PersistentLevel.StaticMeshActor_UAID_C87F54EAD9109DF001_2019059234
 |   |-       Actor Package: /Game/__ExternalActors__/FirstPerson/Maps/level_1/6/SG/6Z25VVZU3CJVRA8D4K99GT
 |   |- Actor Instance Guid: 315B87744FC4C426AA81F6AAE8B305E0
 |   |-          Actor Path: /Game/FirstPerson/Maps/level_1.level_1:PersistentLevel.StaticMeshActor_UAID_C87F54EAD9109DF001_1921018232
 |   |-       Actor Package: /Game/__ExternalActors__/FirstPerson/Maps/level_1/B/4E/0LSEY2PKWH7L7RGN41I8M1
 |   |- Actor Instance Guid: 384525BC47B04580F4FD7E9A37BEE6EA
 |   |-          Actor Path: /Game/FirstPerson/Maps/level_1.level_1:PersistentLevel.AmbientSound_UAID_C87F54EAD91099F001_1718646527
 |   |-       Actor Package: /Game/__ExternalActors__/FirstPerson/Maps/level_1/D/YO/3X6D1IJ171VO19Q6MS9F33
 |   |- Actor Instance Guid: 404FBF1E4EA0963F7BF2C9843F482284
 |   |-          Actor Path: /Game/FirstPerson/Maps/level_1.level_1:PersistentLevel.StaticMeshActor_UAID_C87F54EAD9109DF001_2067331237
 |   |-       Actor Package: /Game/__ExternalActors__/FirstPerson/Maps/level_1/9/MB/8UWXCO4OVRM7BJFDZEQU6E
 |   |- Actor Instance Guid: 7BFAF35D4B35BE3E03488E94FABBF94B
 |   |-          Actor Path: /Game/FirstPerson/Maps/level_1.level_1:PersistentLevel.NextLevel_C_UAID_C87F54EAD910E9D301_1462230983
 |   |-       Actor Package: /Game/__ExternalActors__/FirstPerson/Maps/level_1/0/CC/PSZODV6X2G42T4IGXLCUXN
 |   |- Actor Instance Guid: 859AA48B418754CFD2432981BF0ED099
 |   |-          Actor Path: /Game/FirstPerson/Maps/level_1.level_1:PersistentLevel.StaticMeshActor_UAID_C87F54EAD9109DF001_1876189231
 |   |-       Actor Package: /Game/__ExternalActors__/FirstPerson/Maps/level_1/6/Z0/C38CQ2YJ0P6LTUUP60WI1N
 |   |- Actor Instance Guid: 98168E694E520CE99F6981835CB13F03
 |   |-          Actor Path: /Game/FirstPerson/Maps/level_1.level_1:PersistentLevel.StaticMeshActor_UAID_C87F54EAD9109DF001_2023240235
 |   |-       Actor Package: /Game/__ExternalActors__/FirstPerson/Maps/level_1/6/OD/M6XB8PNYEK8V9VLWCSFYEX
 |   |- Actor Instance Guid: AA88DA90452B98A5659BE0BF9EC215CE
 |   |-          Actor Path: /Game/FirstPerson/Maps/level_1.level_1:PersistentLevel.StaticMeshActor_UAID_C87F54EAD9109DF001_2063588236
 |   |-       Actor Package: /Game/__ExternalActors__/FirstPerson/Maps/level_1/0/VZ/2VG9FU3SMRMXETDW6YA350
 |   |- Actor Instance Guid: B20FBE52453DC5B35AC63B8A331302FF
 |   |-          Actor Path: /Game/FirstPerson/Maps/level_1.level_1:PersistentLevel.StaticMeshActor_UAID_C87F54EAD9109DF001_1950758233
 |   |-       Actor Package: /Game/__ExternalActors__/FirstPerson/Maps/level_1/8/8V/T8OSU36SVKOJ474E52AY1O
 |   |- Actor Instance Guid: BA77EB374DBF61913D05BEAC6F1D709C
 |   |-          Actor Path: /Game/FirstPerson/Maps/level_1.level_1:PersistentLevel.TextRenderActor_0
 |   |-       Actor Package: /Game/__ExternalActors__/FirstPerson/Maps/level_1/B/CT/LUQX38BIMJSXDH0Q01FBER
 |   |- Actor Instance Guid: C0C706894B57F4A7FCA848862DD38198
 |   |-          Actor Path: /Game/FirstPerson/Maps/level_1.level_1:PersistentLevel.PlayerStart_0
 |   |-       Actor Package: /Game/__ExternalActors__/FirstPerson/Maps/level_1/E/9I/86OSUC69IW1W96KBFDNYER
 |   |- Actor Instance Guid: CEFD30E54A0BC04BDA19A8AC068D9B47

