[+] Containers:
 |- [+] Container: /Game/FirstPerson/Maps/level_13
 |   |- [+] ActorDescs:
 |   |   |- Guid:1173B94C4F576F679AF9ACA39A267947 BaseClass: NativeClass:/Script/Engine.StaticMeshActor Name:StaticMeshActor_UAID_C87F54EAD9101BD101_1771156615 Label:SM_Cube7 SpatiallyLoaded:1 Bounds:IsValid=true, Min=(X=0.000 Y=0.000 Z=380.000), Max=(X=3000.000 Y=1825.000 Z=430.000) RuntimeGrid:None EditorOnly:0 RuntimeOnly:0 HLODRelevant:1 ListedInSceneOutliner:1 IsMainWorldOnly:0 FolderPath:Playground FolderGuid:CDC3EA2D424DF73175D386948543BF31
 |   |   |- Guid:5DF6178D4697CFD02F4D528B554ECD6A BaseClass: NativeClass:/Script/Engine.StaticMeshActor Name:StaticMeshActor_3 Label:SM_Cube3 SpatiallyLoaded:1 Bounds:IsValid=true, Min=(X=0.000 Y=1720.000 Z=0.000), Max=(X=3000.000 Y=1820.000 Z=400.000) RuntimeGrid:None EditorOnly:0 RuntimeOnly:0 HLODRelevant:1 ListedInSceneOutliner:1 IsMainWorldOnly:0 FolderPath:Playground FolderGuid:CDC3EA2D424DF73175D386948543BF31
 |   |   |- Guid:6A7BEE3B4E59DB0E0682BFA66B7394F8 BaseClass:/Game/NextLevel.NextLevel_C NativeClass:/Script/Engine.Actor Name:NextLevel_C_UAID_C87F54EAD910E9D301_1462230983 Label:NextLevel SpatiallyLoaded:1 Bounds:IsValid=true, Min=(X=1798.000 Y=763.004 Z=-4.000), Max=(X=1912.563 Y=923.003 Z=211.996) RuntimeGrid:None EditorOnly:0 RuntimeOnly:0 HLODRelevant:0 ListedInSceneOutliner:1 IsMainWorldOnly:0
 |   |   |- Guid:734317D14784A422C41EC6872A453D29 BaseClass: NativeClass:/Script/Engine.WorldDataLayers Name:WorldDataLayers Label:WorldDataLayers-1 SpatiallyLoaded:0 Bounds:Invalid RuntimeGrid:None EditorOnly:0 RuntimeOnly:0 HLODRelevant:0 ListedInSceneOutliner:1 IsMainWorldOnly:1
 |   |   |- Guid:882DF2884A89A64CA060719621A3F427 BaseClass:/Game/Canvas/BP_Canvas.BP_Canvas_C NativeClass:/Script/Engine.Actor Name:BP_Canvas_C_UAID_C87F54EAD9100DD101_1772227151 Label:BP_Canvas SpatiallyLoaded:1 Bounds:IsValid=true, Min=(X=1119.133 Y=831.000 Z=64.000), Max=(X=1120.867 Y=960.350 Z=194.000) RuntimeGrid:None EditorOnly:0 RuntimeOnly:0 HLODRelevant:0 ListedInSceneOutliner:1 IsMainWorldOnly:0
 |   |   |- Guid:BB85170B45E08B8C58CE5EBE62540D10 BaseClass: NativeClass:/Script/Engine.StaticMeshActor Name:StaticMeshActor_0 Label:SM_Cube SpatiallyLoaded:1 Bounds:IsValid=true, Min=(X=0.000 Y=0.000 Z=-50.000), Max=(X=3000.000 Y=1825.000 Z=0.000) RuntimeGrid:None EditorOnly:0 RuntimeOnly:0 HLODRelevant:1 ListedInSceneOutliner:1 IsMainWorldOnly:0 FolderPath:Playground FolderGuid:CDC3EA2D424DF73175D386948543BF31
 |   |   |- Guid:DC6247854CEE83FDF2EAC58EEF2FF8E6 BaseClass: NativeClass:/Script/Engine.StaticMeshActor Name:StaticMeshActor_4 Label:SM_Cube4 SpatiallyLoaded:1 Bounds:IsValid=true, Min=(X=1745.000 Y=600.000 Z=0.000), Max=(X=1820.000 Y=1100.000 Z=400.000) RuntimeGrid:None EditorOnly:0 RuntimeOnly:0 HLODRelevant:1 ListedInSceneOutliner:1 IsMainWorldOnly:0 FolderPath:Block01 FolderGuid:3EF5C57D40A467440F5F0D9398D8AC70
 |   |   |- Guid:F209D5E2434AA5393030F69B96D2A91F BaseClass: NativeClass:/Script/Engine.StaticMeshActor Name:StaticMeshActor_2 Label:SM_Cube2 SpatiallyLoaded:1 Bounds:IsValid=true, Min=(X=0.000 Y=0.000 Z=0.000), Max=(X=3000.000 Y=100.000 Z=400.000) RuntimeGrid:None EditorOnly:0 RuntimeOnly:0 HLODRelevant:1 ListedInSceneOutliner:1 IsMainWorldOnly:0 FolderPath:Playground FolderGuid:CDC3EA2D424DF73175D386948543BF31
 |   |   |- Guid:F3B9B02A45C49E28FBB6CFA8CBDBF0FE BaseClass: NativeClass:/Script/Engine.TextRenderActor Name:TextRenderActor_0 Label:TextRenderActor SpatiallyLoaded:1 Bounds:IsValid=true, Min=(X=1099.900 Y=830.000 Z=181.263), Max=(X=1099.900 Y=962.692 Z=218.763) RuntimeGrid:None EditorOnly:0 RuntimeOnly:0 HLODRelevant:0 ListedInSceneOutliner:1 IsMainWorldOnly:0
 |   |   |- Guid:F3DA503E4AC4AB8C36BE17B2624D4039 BaseClass: NativeClass:/Script/Engine.PlayerStart Name:PlayerStart_0 Label:PlayerStart SpatiallyLoaded:0 Bounds:IsValid=true, Min=(X=870.000 Y=850.000 Z=0.013), Max=(X=950.000 Y=930.000 Z=184.013) RuntimeGrid:None EditorOnly:0 RuntimeOnly:0 HLODRelevant:0 ListedInSceneOutliner:1 IsMainWorldOnly:0
 |   |   |- Guid:F7DA57CE4891936160D8DCA5EBB784FD BaseClass: NativeClass:/Script/Engine.StaticMeshActor Name:StaticMeshActor_7 Label:SM_Cube5 SpatiallyLoaded:1 Bounds:IsValid=true, Min=(X=-0.000 Y=100.000 Z=0.000), Max=(X=100.000 Y=1825.000 Z=400.000) RuntimeGrid:None EditorOnly:0 RuntimeOnly:0 HLODRelevant:1 ListedInSceneOutliner:1 IsMainWorldOnly:0 FolderPath:Playground FolderGuid:CDC3EA2D424DF73175D386948543BF31
 |   |   |- Guid:FE80AFF5496674AAD5510497D338E671 BaseClass: NativeClass:/Script/Engine.StaticMeshActor Name:StaticMeshActor_8 Label:SM_Cube6 SpatiallyLoaded:1 Bounds:IsValid=true, Min=(X=2900.000 Y=100.000 Z=0.000), Max=(X=3000.000 Y=1825.000 Z=400.000) RuntimeGrid:None EditorOnly:0 RuntimeOnly:0 HLODRelevant:1 ListedInSceneOutliner:1 IsMainWorldOnly:0 FolderPath:Playground FolderGuid:CDC3EA2D424DF73175D386948543BF31
 |   |- [+] Clusters:
 |   |   |- [+] [  0]
 |   |   |   |- Guid:1173B94C4F576F679AF9ACA39A267947 BaseClass: NativeClass:/Script/Engine.StaticMeshActor Name:StaticMeshActor_UAID_C87F54EAD9101BD101_1771156615 Label:SM_Cube7 SpatiallyLoaded:1 Bounds:IsValid=true, Min=(X=0.000 Y=0.000 Z=380.000), Max=(X=3000.000 Y=1825.000 Z=430.000) RuntimeGrid:None EditorOnly:0 RuntimeOnly:0 HLODRelevant:1 ListedInSceneOutliner:1 IsMainWorldOnly:0 FolderPath:Playground FolderGuid:CDC3EA2D424DF73175D386948543BF31
 |   |   |- [+] [  1]
 |   |   |   |- Guid:5DF6178D4697CFD02F4D528B554ECD6A BaseClass: NativeClass:/Script/Engine.StaticMeshActor Name:StaticMeshActor_3 Label:SM_Cube3 SpatiallyLoaded:1 Bounds:IsValid=true, Min=(X=0.000 Y=1720.000 Z=0.000), Max=(X=3000.000 Y=1820.000 Z=400.000) RuntimeGrid:None EditorOnly:0 RuntimeOnly:0 HLODRelevant:1 ListedInSceneOutliner:1 IsMainWorldOnly:0 FolderPath:Playground FolderGuid:CDC3EA2D424DF73175D386948543BF31
 |   |   |- [+] [  2]
 |   |   |   |- Guid:6A7BEE3B4E59DB0E0682BFA66B7394F8 BaseClass:/Game/NextLevel.NextLevel_C NativeClass:/Script/Engine.Actor Name:NextLevel_C_UAID_C87F54EAD910E9D301_1462230983 Label:NextLevel SpatiallyLoaded:1 Bounds:IsValid=true, Min=(X=1798.000 Y=763.004 Z=-4.000), Max=(X=1912.563 Y=923.003 Z=211.996) RuntimeGrid:None EditorOnly:0 RuntimeOnly:0 HLODRelevant:0 ListedInSceneOutliner:1 IsMainWorldOnly:0
 |   |   |- [+] [  3]
 |   |   |   |- Guid:734317D14784A422C41EC6872A453D29 BaseClass: NativeClass:/Script/Engine.WorldDataLayers Name:WorldDataLayers Label:WorldDataLayers-1 SpatiallyLoaded:0 Bounds:Invalid RuntimeGrid:None EditorOnly:0 RuntimeOnly:0 HLODRelevant:0 ListedInSceneOutliner:1 IsMainWorldOnly:1
 |   |   |- [+] [  4]
 |   |   |   |- Guid:882DF2884A89A64CA060719621A3F427 BaseClass:/Game/Canvas/BP_Canvas.BP_Canvas_C NativeClass:/Script/Engine.Actor Name:BP_Canvas_C_UAID_C87F54EAD9100DD101_1772227151 Label:BP_Canvas SpatiallyLoaded:1 Bounds:IsValid=true, Min=(X=1119.133 Y=831.000 Z=64.000), Max=(X=1120.867 Y=960.350 Z=194.000) RuntimeGrid:None EditorOnly:0 RuntimeOnly:0 HLODRelevant:0 ListedInSceneOutliner:1 IsMainWorldOnly:0
 |   |   |- [+] [  5]
 |   |   |   |- Guid:BB85170B45E08B8C58CE5EBE62540D10 BaseClass: NativeClass:/Script/Engine.StaticMeshActor Name:StaticMeshActor_0 Label:SM_Cube SpatiallyLoaded:1 Bounds:IsValid=true, Min=(X=0.000 Y=0.000 Z=-50.000), Max=(X=3000.000 Y=1825.000 Z=0.000) RuntimeGrid:None EditorOnly:0 RuntimeOnly:0 HLODRelevant:1 ListedInSceneOutliner:1 IsMainWorldOnly:0 FolderPath:Playground FolderGuid:CDC3EA2D424DF73175D386948543BF31
 |   |   |- [+] [  6]
 |   |   |   |- Guid:DC6247854CEE83FDF2EAC58EEF2FF8E6 BaseClass: NativeClass:/Script/Engine.StaticMeshActor Name:StaticMeshActor_4 Label:SM_Cube4 SpatiallyLoaded:1 Bounds:IsValid=true, Min=(X=1745.000 Y=600.000 Z=0.000), Max=(X=1820.000 Y=1100.000 Z=400.000) RuntimeGrid:None EditorOnly:0 RuntimeOnly:0 HLODRelevant:1 ListedInSceneOutliner:1 IsMainWorldOnly:0 FolderPath:Block01 FolderGuid:3EF5C57D40A467440F5F0D9398D8AC70
 |   |   |- [+] [  7]
 |   |   |   |- Guid:F209D5E2434AA5393030F69B96D2A91F BaseClass: NativeClass:/Script/Engine.StaticMeshActor Name:StaticMeshActor_2 Label:SM_Cube2 SpatiallyLoaded:1 Bounds:IsValid=true, Min=(X=0.000 Y=0.000 Z=0.000), Max=(X=3000.000 Y=100.000 Z=400.000) RuntimeGrid:None EditorOnly:0 RuntimeOnly:0 HLODRelevant:1 ListedInSceneOutliner:1 IsMainWorldOnly:0 FolderPath:Playground FolderGuid:CDC3EA2D424DF73175D386948543BF31
 |   |   |- [+] [  8]
 |   |   |   |- Guid:F3B9B02A45C49E28FBB6CFA8CBDBF0FE BaseClass: NativeClass:/Script/Engine.TextRenderActor Name:TextRenderActor_0 Label:TextRenderActor SpatiallyLoaded:1 Bounds:IsValid=true, Min=(X=1099.900 Y=830.000 Z=181.263), Max=(X=1099.900 Y=962.692 Z=218.763) RuntimeGrid:None EditorOnly:0 RuntimeOnly:0 HLODRelevant:0 ListedInSceneOutliner:1 IsMainWorldOnly:0
 |   |   |- [+] [  9]
 |   |   |   |- Guid:F3DA503E4AC4AB8C36BE17B2624D4039 BaseClass: NativeClass:/Script/Engine.PlayerStart Name:PlayerStart_0 Label:PlayerStart SpatiallyLoaded:0 Bounds:IsValid=true, Min=(X=870.000 Y=850.000 Z=0.013), Max=(X=950.000 Y=930.000 Z=184.013) RuntimeGrid:None EditorOnly:0 RuntimeOnly:0 HLODRelevant:0 ListedInSceneOutliner:1 IsMainWorldOnly:0
 |   |   |- [+] [ 10]
 |   |   |   |- Guid:F7DA57CE4891936160D8DCA5EBB784FD BaseClass: NativeClass:/Script/Engine.StaticMeshActor Name:StaticMeshActor_7 Label:SM_Cube5 SpatiallyLoaded:1 Bounds:IsValid=true, Min=(X=-0.000 Y=100.000 Z=0.000), Max=(X=100.000 Y=1825.000 Z=400.000) RuntimeGrid:None EditorOnly:0 RuntimeOnly:0 HLODRelevant:1 ListedInSceneOutliner:1 IsMainWorldOnly:0 FolderPath:Playground FolderGuid:CDC3EA2D424DF73175D386948543BF31
 |   |   |- [+] [ 11]
 |   |   |   |- Guid:FE80AFF5496674AAD5510497D338E671 BaseClass: NativeClass:/Script/Engine.StaticMeshActor Name:StaticMeshActor_8 Label:SM_Cube6 SpatiallyLoaded:1 Bounds:IsValid=true, Min=(X=2900.000 Y=100.000 Z=0.000), Max=(X=3000.000 Y=1825.000 Z=400.000) RuntimeGrid:None EditorOnly:0 RuntimeOnly:0 HLODRelevant:1 ListedInSceneOutliner:1 IsMainWorldOnly:0 FolderPath:Playground FolderGuid:CDC3EA2D424DF73175D386948543BF31
 |- ContainerInstances:
 |- [+] MainContainer:
 |   |-        ID: 00000000000000000000000000000000
 |   |-  ParentID: 00000000000000000000000000000000
 |   |-    Bounds: IsValid=false, Min=(X=0.000 Y=0.000 Z=0.000), Max=(X=0.000 Y=0.000 Z=0.000)
 |   |- Transform: 0.000000,0.000000,0.000000|0.000000,0.000000,-0.000000|1.000000,1.000000,1.000000
 |   |- Container: /Game/FirstPerson/Maps/level_13
----------------------------------------------------------------------------------------------------------------
level_13 - Persistent Level
----------------------------------------------------------------------------------------------------------------
[+] Content of level_13 Persistent Level
 |- Always loaded Actor Count: 19 
 |- Actor Path: /Game/FirstPerson/Maps/level_13.level_13:PersistentLevel.AbstractNavData-Default
 |- Actor Package: /Game/FirstPerson/Maps/level_13
 |- Actor Path: /Game/FirstPerson/Maps/level_13.level_13:PersistentLevel.BP_Canvas_C_UAID_C87F54EAD9100DD101_1772227151
 |- Actor Package: /Game/__ExternalActors__/FirstPerson/Maps/level_13/0/LU/RUR1F7UMNYBXAFXUF85N40
 |- Actor Path: /Game/FirstPerson/Maps/level_13.level_13:PersistentLevel.Brush_0
 |- Actor Package: /Game/FirstPerson/Maps/level_13
 |- Actor Path: /Game/FirstPerson/Maps/level_13.level_13:PersistentLevel.DefaultPhysicsVolume_0
 |- Actor Package: /Game/FirstPerson/Maps/level_13
 |- Actor Path: /Game/FirstPerson/Maps/level_13.level_13:PersistentLevel.GameplayDebuggerPlayerManager_0
 |- Actor Package: /Game/FirstPerson/Maps/level_13
 |- Actor Path: /Game/FirstPerson/Maps/level_13.level_13:PersistentLevel.level_13_C_1
 |- Actor Package: /Game/FirstPerson/Maps/level_13
 |- Actor Path: /Game/FirstPerson/Maps/level_13.level_13:PersistentLevel.NextLevel_C_UAID_C87F54EAD910E9D301_1462230983
 |- Actor Package: /Game/__ExternalActors__/FirstPerson/Maps/level_13/E/KJ/JTEHQHUMC6MHGUZQ66AROG
 |- Actor Path: /Game/FirstPerson/Maps/level_13.level_13:PersistentLevel.PlayerStart_0
 |- Actor Package: /Game/__ExternalActors__/FirstPerson/Maps/level_13/2/TA/IL21F3FTCZ858GMC52R5GF
 |- Actor Path: /Game/FirstPerson/Maps/level_13.level_13:PersistentLevel.StaticMeshActor_0
 |- Actor Package: /Game/__ExternalActors__/FirstPerson/Maps/level_13/A/01/SMFWXC9372RM5VFYCAH0BT
 |- Actor Path: /Game/FirstPerson/Maps/level_13.level_13:PersistentLevel.StaticMeshActor_2
 |- Actor Package: /Game/__ExternalActors__/FirstPerson/Maps/level_13/6/HN/J6UMODZUZVHILIH1SMBAOW
 |- Actor Path: /Game/FirstPerson/Maps/level_13.level_13:PersistentLevel.StaticMeshActor_3
 |- Actor Package: /Game/__ExternalActors__/FirstPerson/Maps/level_13/8/I2/DDXW9ER4JSX7GCL2HWDD7K
 |- Actor Path: /Game/FirstPerson/Maps/level_13.level_13:PersistentLevel.StaticMeshActor_4
 |- Actor Package: /Game/__ExternalActors__/FirstPerson/Maps/level_13/D/AK/JKECHRQ8OWTWJ9PAGW0RW6
 |- Actor Path: /Game/FirstPerson/Maps/level_13.level_13:PersistentLevel.StaticMeshActor_7
 |- Actor Package: /Game/__ExternalActors__/FirstPerson/Maps/level_13/A/TX/V5R45IEMUKX5NMUAHKC4BM
 |- Actor Path: /Game/FirstPerson/Maps/level_13.level_13:PersistentLevel.StaticMeshActor_8
 |- Actor Package: /Game/__ExternalActors__/FirstPerson/Maps/level_13/B/95/Q2SME7TWEBZTPO7ZUWE03B
 |- Actor Path: /Game/FirstPerson/Maps/level_13.level_13:PersistentLevel.StaticMeshActor_UAID_C87F54EAD9101BD101_1771156615
 |- Actor Package: /Game/__ExternalActors__/FirstPerson/Maps/level_13/C/WU/RGMLUL5IZVOJISI7OAD1GX
 |- Actor Path: /Game/FirstPerson/Maps/level_13.level_13:PersistentLevel.TextRenderActor_0
 |- Actor Package: /Game/__ExternalActors__/FirstPerson/Maps/level_13/5/FF/JHU6QZATXNWQTJNJVAL3WV
 |- Actor Path: /Game/FirstPerson/Maps/level_13.level_13:PersistentLevel.WorldDataLayers
 |- Actor Package: /Game/__ExternalActors__/FirstPerson/Maps/level_13/A/2H/SJ265XDVTY8W9XM4T1SXUD
 |- Actor Path: /Game/FirstPerson/Maps/level_13.level_13:PersistentLevel.WorldInfo_0
 |- Actor Package: /Game/FirstPerson/Maps/level_13
 |- Actor Path: /Game/FirstPerson/Maps/level_13.level_13:PersistentLevel.WorldPartitionMiniMap_0
 |- Actor Package: /Game/__ExternalActors__/FirstPerson/Maps/level_13/1/65/AQGLY4N6S09Z9R1Y9KVF3Q

----------------------------------------------------------------------------------------------------------------
level_13 - Runtime Spatial Hash - Streaming Grid - MainGrid
----------------------------------------------------------------------------------------------------------------
            Origin: X=0.000 Y=0.000 Z=0.000
         Cell Size: 12800
      World Bounds: IsValid=false, Min=(X=0.000 Y=0.000 Z=0.000), Max=(X=0.000 Y=0.000 Z=0.000)
     Loading Range: 25600.00
Block Slow Loading: No
 ClientOnlyVisible: No
            Origin: X=0.000 Y=0.000 Z=0.000

[+] Grid Levels: 1
 |- Level  0: Cell Count    0 | Cell Size   12800 | Actor Count    0 (0.0%)

[+] Content of Grid Level 0

